<?xml version="1.0" encoding="UTF-8"?>
<!-- Generated by org.testng.reporters.JUnitXMLReporter -->
<testsuite ignored="0" hostname="DESKTOP-8IRBSSS" failures="0" tests="4" name="Frame" time="6.815" errors="0" timestamp="2022-01-26T15:25:10 IST">
  <testcase classname="test.Testingbaba_FrameTest" name="@BeforeTest getlaunch_testingbabaUrl" time="6.775">
    <failure type="org.openqa.selenium.ElementClickInterceptedException" message="element click intercepted: Element &amp;lt;a class=&amp;quot;nav-link&amp;quot; href=&amp;quot;newdemo.html&amp;quot;&amp;gt;...&amp;lt;/a&amp;gt; is not clickable at point (601, 40). Other element would receive the click: &amp;lt;div class=&amp;quot;modal-header&amp;quot;&amp;gt;...&amp;lt;/div&amp;gt;
  (Session info: chrome=97.0.4692.99)
Build info: version: &amp;apos;3.141.59&amp;apos;, revision: &amp;apos;e82be7d358&amp;apos;, time: &amp;apos;2018-11-14T08:25:48&amp;apos;
System info: host: &amp;apos;DESKTOP-8IRBSSS&amp;apos;, ip: &amp;apos;192.168.110.142&amp;apos;, os.name: &amp;apos;Windows 10&amp;apos;, os.arch: &amp;apos;amd64&amp;apos;, os.version: &amp;apos;10.0&amp;apos;, java.version: &amp;apos;16.0.2&amp;apos;
Driver info: org.openqa.selenium.chrome.ChromeDriver
Capabilities {acceptInsecureCerts: false, browserName: chrome, browserVersion: 97.0.4692.99, chrome: {chromedriverVersion: 96.0.4664.35 (8df3babf8da8f..., userDataDir: C:\Users\yogesh\AppData\Loc...}, goog:chromeOptions: {debuggerAddress: localhost:51622}, javascriptEnabled: true, networkConnectionEnabled: false, pageLoadStrategy: normal, platform: WINDOWS, platformName: WINDOWS, proxy: Proxy(), setWindowRect: true, strictFileInteractability: false, timeouts: {implicit: 0, pageLoad: 300000, script: 30000}, unhandledPromptBehavior: dismiss and notify, webauthn:extension:credBlob: true, webauthn:extension:largeBlob: true, webauthn:virtualAuthenticators: true}
Session ID: d76c130cd9c7558449823aa211ff25bd">
      <![CDATA[org.openqa.selenium.ElementClickInterceptedException: element click intercepted: Element <a class="nav-link" href="newdemo.html">...</a> is not clickable at point (601, 40). Other element would receive the click: <div class="modal-header">...</div>
  (Session info: chrome=97.0.4692.99)
Build info: version: '3.141.59', revision: 'e82be7d358', time: '2018-11-14T08:25:48'
System info: host: 'DESKTOP-8IRBSSS', ip: '192.168.110.142', os.name: 'Windows 10', os.arch: 'amd64', os.version: '10.0', java.version: '16.0.2'
Driver info: org.openqa.selenium.chrome.ChromeDriver
Capabilities {acceptInsecureCerts: false, browserName: chrome, browserVersion: 97.0.4692.99, chrome: {chromedriverVersion: 96.0.4664.35 (8df3babf8da8f..., userDataDir: C:\Users\yogesh\AppData\Loc...}, goog:chromeOptions: {debuggerAddress: localhost:51622}, javascriptEnabled: true, networkConnectionEnabled: false, pageLoadStrategy: normal, platform: WINDOWS, platformName: WINDOWS, proxy: Proxy(), setWindowRect: true, strictFileInteractability: false, timeouts: {implicit: 0, pageLoad: 300000, script: 30000}, unhandledPromptBehavior: dismiss and notify, webauthn:extension:credBlob: true, webauthn:extension:largeBlob: true, webauthn:virtualAuthenticators: true}
Session ID: d76c130cd9c7558449823aa211ff25bd
at org.openqa.selenium.remote.http.W3CHttpResponseCodec.createException(W3CHttpResponseCodec.java:187)
at org.openqa.selenium.remote.http.W3CHttpResponseCodec.decode(W3CHttpResponseCodec.java:122)
at org.openqa.selenium.remote.http.W3CHttpResponseCodec.decode(W3CHttpResponseCodec.java:49)
at org.openqa.selenium.remote.HttpCommandExecutor.execute(HttpCommandExecutor.java:158)
at org.openqa.selenium.remote.service.DriverCommandExecutor.execute(DriverCommandExecutor.java:83)
at org.openqa.selenium.remote.RemoteWebDriver.execute(RemoteWebDriver.java:552)
at org.openqa.selenium.remote.RemoteWebElement.execute(RemoteWebElement.java:285)
at org.openqa.selenium.remote.RemoteWebElement.click(RemoteWebElement.java:84)
at org.openqa.selenium.support.pagefactory.internal.LocatingElementHandler.invoke(LocatingElementHandler.java:51)
at jdk.proxy2/jdk.proxy2.$Proxy13.click(Unknown Source)
at applicationutility.Applicationutility.clickme(Applicationutility.java:22)
at pages.Testingbaba_Framepage.clickonclosebtn(Testingbaba_Framepage.java:35)
at test.Testingbaba_FrameTest.getlaunch_testingbabaUrl(Testingbaba_FrameTest.java:20)
... Removed 32 stack frames]]>
    </failure>
  </testcase> <!-- @BeforeTest getlaunch_testingbabaUrl -->
  <testcase classname="baseliabary.Baseliabary" name="@AfterMethod resultanalysis" time="-1.643190910637E9">
    <skipped/>
  </testcase> <!-- @AfterMethod resultanalysis -->
  <testcase classname="baseliabary.Baseliabary" name="@AfterMethod resultanalysis" time="-1.643190910643E9">
    <skipped/>
  </testcase> <!-- @AfterMethod resultanalysis -->
  <testcase classname="baseliabary.Baseliabary" name="@AfterMethod resultanalysis" time="-1.643190910651E9">
    <skipped/>
  </testcase> <!-- @AfterMethod resultanalysis -->
  <testcase classname="baseliabary.Baseliabary" name="@AfterMethod resultanalysis" time="-1.643190910656E9">
    <skipped/>
  </testcase> <!-- @AfterMethod resultanalysis -->
  <testcase classname="baseliabary.Baseliabary" name="@AfterTest teardown" time="-1.643190910658E9">
    <skipped/>
  </testcase> <!-- @AfterTest teardown -->
  <testcase classname="test.Testingbaba_FrameTest" name="clickonalartframewindowbtn" time="0.0">
    <skipped/>
  </testcase> <!-- clickonalartframewindowbtn -->
  <testcase classname="test.Testingbaba_FrameTest" name="clickonframebtn" time="0.0">
    <skipped/>
  </testcase> <!-- clickonframebtn -->
  <testcase classname="test.Testingbaba_FrameTest" name="longframe" time="0.0">
    <skipped/>
  </testcase> <!-- longframe -->
  <testcase classname="test.Testingbaba_FrameTest" name="samllframe" time="0.0">
    <skipped/>
  </testcase> <!-- samllframe -->
</testsuite> <!-- Frame -->
