<?xml version="1.0" encoding="UTF-8"?>
<!-- Generated by org.testng.reporters.JUnitXMLReporter -->
<testsuite ignored="0" hostname="DESKTOP-8IRBSSS" failures="0" tests="4" name="Textbox" time="6.651" errors="0" timestamp="2022-01-08T18:28:58 IST">
  <testcase classname="test.Testingbaba_TextBoxTest" name="@BeforeTest getlaunch_testingbabaUrl" time="6.605">
    <failure type="java.lang.IllegalArgumentException" message="Can not set java.util.ArrayList field pages.Testingbaba_TextBoxpage.tabledata to jdk.proxy2.$Proxy16">
      <![CDATA[java.lang.IllegalArgumentException: Can not set java.util.ArrayList field pages.Testingbaba_TextBoxpage.tabledata to jdk.proxy2.$Proxy16
at org.openqa.selenium.support.PageFactory.proxyFields(PageFactory.java:117)
at org.openqa.selenium.support.PageFactory.initElements(PageFactory.java:105)
at org.openqa.selenium.support.PageFactory.initElements(PageFactory.java:92)
at org.openqa.selenium.support.PageFactory.initElements(PageFactory.java:79)
at pages.Testingbaba_TextBoxpage.<init>(Testingbaba_TextBoxpage.java:21)
at test.Testingbaba_TextBoxTest.getlaunch_testingbabaUrl(Testingbaba_TextBoxTest.java:16)
... Removed 28 stack frames]]>
    </failure>
  </testcase> <!-- @BeforeTest getlaunch_testingbabaUrl -->
  <testcase classname="baseliabary.Baseliabary" name="@AfterMethod resultanalysis" time="-1.641646738486E9">
    <skipped/>
  </testcase> <!-- @AfterMethod resultanalysis -->
  <testcase classname="baseliabary.Baseliabary" name="@AfterMethod resultanalysis" time="-1.641646738495E9">
    <skipped/>
  </testcase> <!-- @AfterMethod resultanalysis -->
  <testcase classname="baseliabary.Baseliabary" name="@AfterMethod resultanalysis" time="-1.6416467385E9">
    <skipped/>
  </testcase> <!-- @AfterMethod resultanalysis -->
  <testcase classname="baseliabary.Baseliabary" name="@AfterMethod resultanalysis" time="-1.641646738505E9">
    <skipped/>
  </testcase> <!-- @AfterMethod resultanalysis -->
  <testcase classname="baseliabary.Baseliabary" name="@AfterTest teardown" time="-1.641646738511E9">
    <skipped/>
  </testcase> <!-- @AfterTest teardown -->
  <testcase classname="test.Testingbaba_TextBoxTest" name="clickonElements" time="0.0">
    <skipped/>
  </testcase> <!-- clickonElements -->
  <testcase classname="test.Testingbaba_TextBoxTest" name="clickonTextBox" time="0.0">
    <skipped/>
  </testcase> <!-- clickonTextBox -->
  <testcase classname="test.Testingbaba_TextBoxTest" name="Filltaxboxdetails" time="0.0">
    <skipped/>
  </testcase> <!-- Filltaxboxdetails -->
  <testcase classname="test.Testingbaba_TextBoxTest" name="getvarifytextboxdata" time="0.0">
    <skipped/>
  </testcase> <!-- getvarifytextboxdata -->
</testsuite> <!-- Textbox -->
