<!DOCTYPE html PUBLIC "-//W3C//DTD XHTML 1.1//EN" "https://www.w3.org/TR/xhtml11/DTD/xhtml11.dtd">
<html xmlns="https://www.w3.org/1999/xhtml">
<head>
<meta http-equiv="content-type" content="text/html; charset=UTF-8"/>
<title>TestNG Report</title>
<style type="text/css">table {margin-bottom:10px;border-collapse:collapse;empty-cells:show}th,td {border:1px solid #009;padding:.25em .5em}th {vertical-align:bottom}td {vertical-align:top}table a {font-weight:bold}.stripe td {background-color: #E6EBF9}.num {text-align:right}.passedodd td {background-color: #3F3}.passedeven td {background-color: #0A0}.skippedodd td {background-color: #DDD}.skippedeven td {background-color: #CCC}.failedodd td,.attn {background-color: #F33}.failedeven td,.stripe .attn {background-color: #D00}.stacktrace {white-space:pre;font-family:monospace}.totop {font-size:85%;text-align:center;border-bottom:2px solid #000}.invisible {display:none}</style>
</head>
<body>
<table>
<tr><th>Test</th><th># Passed</th><th># Skipped</th><th># Retried</th><th># Failed</th><th>Time (ms)</th><th>Included Groups</th><th>Excluded Groups</th></tr>
<tr><th colspan="8">Testing_baba</th></tr>
<tr><td><a href="#t0">LoginTest</a></td><td class="num">1</td><td class="num">0</td><td class="num">0</td><td class="num">0</td><td class="num">11,389</td><td></td><td></td></tr>
<tr class="stripe"><td><a href="#t1">Textbox</a></td><td class="num">0</td><td class="num attn">4</td><td class="num">0</td><td class="num">0</td><td class="num">6,651</td><td></td><td></td></tr>
<tr><td><a href="#t2">Checkbox</a></td><td class="num">4</td><td class="num">0</td><td class="num">0</td><td class="num attn">1</td><td class="num">19,434</td><td></td><td></td></tr>
<tr class="stripe"><td><a href="#t3">Radiobutton</a></td><td class="num">3</td><td class="num">0</td><td class="num">0</td><td class="num">0</td><td class="num">11,414</td><td></td><td></td></tr>
<tr><td><a href="#t4">WebTable</a></td><td class="num">3</td><td class="num">0</td><td class="num">0</td><td class="num attn">1</td><td class="num">33,175</td><td></td><td></td></tr>
<tr class="stripe"><td><a href="#t5">Buttons</a></td><td class="num">6</td><td class="num">0</td><td class="num">0</td><td class="num attn">1</td><td class="num">16,418</td><td></td><td></td></tr>
<tr><td><a href="#t6">Links</a></td><td class="num">4</td><td class="num">0</td><td class="num">0</td><td class="num">0</td><td class="num">17,251</td><td></td><td></td></tr>
<tr class="stripe"><td><a href="#t7">Uploadfile</a></td><td class="num">3</td><td class="num">0</td><td class="num">0</td><td class="num">0</td><td class="num">16,215</td><td></td><td></td></tr>
<tr><td><a href="#t8">Browser_Windows</a></td><td class="num">2</td><td class="num">0</td><td class="num">0</td><td class="num">0</td><td class="num">17,997</td><td></td><td></td></tr>
<tr class="stripe"><td><a href="#t9">Alarts</a></td><td class="num">6</td><td class="num">0</td><td class="num">0</td><td class="num">0</td><td class="num">19,767</td><td></td><td></td></tr>
<tr><td><a href="#t10">Frame</a></td><td class="num">4</td><td class="num">0</td><td class="num">0</td><td class="num">0</td><td class="num">16,287</td><td></td><td></td></tr>
<tr class="stripe"><td><a href="#t11">NestedFrame</a></td><td class="num">4</td><td class="num">0</td><td class="num">0</td><td class="num">0</td><td class="num">14,242</td><td></td><td></td></tr>
<tr><td><a href="#t12">Modal_Dialoges</a></td><td class="num">2</td><td class="num">0</td><td class="num">0</td><td class="num attn">2</td><td class="num">20,821</td><td></td><td></td></tr>
<tr><th>Total</th><th class="num">42</th><th class="num attn">4</th><th class="num">0</th><th class="num attn">5</th><th class="num">221,061</th><th colspan="2"></th></tr>
</table>
<table id='summary'><thead><tr><th>Class</th><th>Method</th><th>Start</th><th>Time (ms)</th></tr></thead><tbody><tr><th colspan="4">Testing_baba</th></tr></tbody><tbody id="t0"><tr><th colspan="4">LoginTest &#8212; passed</th></tr><tr class="passedeven"><td rowspan="1">test.Testingbaba_LoginTest</td><td><a href="#m0">clickonclosebtn</a></td><td rowspan="1">1641646728469</td><td rowspan="1">2782</td></tr></tbody>
<tbody id="t1"><tr><th colspan="4">Textbox &#8212; failed (configuration methods)</th></tr><tr class="failedeven"><td rowspan="1">test.Testingbaba_TextBoxTest</td><td><a href="#m1">getlaunch_testingbabaUrl</a></td><td rowspan="1">1641646731861</td><td rowspan="1">6605</td></tr><tr><th colspan="4">Textbox &#8212; skipped (configuration methods)</th></tr><tr class="skippedeven"><td rowspan="5">test.Testingbaba_TextBoxTest</td><td><a href="#m2">resultanalysis</a></td><td rowspan="4">1641646738500</td><td rowspan="4">-1641646738500</td></tr><tr class="skippedeven"><td><a href="#m3">resultanalysis</a></td></tr><tr class="skippedeven"><td><a href="#m4">resultanalysis</a></td></tr><tr class="skippedeven"><td><a href="#m5">resultanalysis</a></td></tr><tr class="skippedeven"><td><a href="#m6">teardown</a></td><td rowspan="1">1641646738511</td><td rowspan="1">-1641646738511</td></tr><tr><th colspan="4">Textbox &#8212; skipped</th></tr><tr class="skippedeven"><td rowspan="4">test.Testingbaba_TextBoxTest</td><td><a href="#m7">Filltaxboxdetails</a></td><td rowspan="1">1641646738498</td><td rowspan="1">0</td></tr><tr class="skippedeven"><td><a href="#m8">clickonElements</a></td><td rowspan="1">1641646738478</td><td rowspan="1">0</td></tr><tr class="skippedeven"><td><a href="#m9">clickonTextBox</a></td><td rowspan="1">1641646738489</td><td rowspan="1">0</td></tr><tr class="skippedeven"><td><a href="#m10">getvarifytextboxdata</a></td><td rowspan="1">1641646738502</td><td rowspan="1">0</td></tr></tbody>
<tbody id="t2"><tr><th colspan="4">Checkbox &#8212; failed</th></tr><tr class="failedeven"><td rowspan="1">test.Testingbaba_CheckboxTest</td><td><a href="#m11">getverifiedcheckboxdata</a></td><td rowspan="1">1641646755314</td><td rowspan="1">2195</td></tr><tr><th colspan="4">Checkbox &#8212; passed</th></tr><tr class="passedeven"><td rowspan="4">test.Testingbaba_CheckboxTest</td><td><a href="#m12">clickonElements</a></td><td rowspan="1">1641646749216</td><td rowspan="1">93</td></tr><tr class="passedeven"><td><a href="#m13">clickoncheckbox</a></td><td rowspan="1">1641646749550</td><td rowspan="1">2838</td></tr><tr class="passedeven"><td><a href="#m14">clickonselectedcheckbox</a></td><td rowspan="1">1641646752618</td><td rowspan="1">2301</td></tr><tr class="passedeven"><td><a href="#m15">readcheckboxdata</a></td><td rowspan="1">1641646755097</td><td rowspan="1">16</td></tr></tbody>
<tbody id="t3"><tr><th colspan="4">Radiobutton &#8212; passed</th></tr><tr class="passedeven"><td rowspan="3">test.Testingbaba_RadiobuttonTest</td><td><a href="#m16">clickonElements</a></td><td rowspan="1">1641646767841</td><td rowspan="1">159</td></tr><tr class="passedeven"><td><a href="#m17">clickonNobutton</a></td><td rowspan="1">1641646768667</td><td rowspan="1">148</td></tr><tr class="passedeven"><td><a href="#m18">clickonradiobutton</a></td><td rowspan="1">1641646768296</td><td rowspan="1">111</td></tr></tbody>
<tbody id="t4"><tr><th colspan="4">WebTable &#8212; failed</th></tr><tr class="failedeven"><td rowspan="1">test.Testingbaba_WebtableTest</td><td><a href="#m19">updatedetails</a></td><td rowspan="1">1641646781990</td><td rowspan="1">20120</td></tr><tr><th colspan="4">WebTable &#8212; passed</th></tr><tr class="passedeven"><td rowspan="3">test.Testingbaba_WebtableTest</td><td><a href="#m20">clickonElements</a></td><td rowspan="1">1641646779509</td><td rowspan="1">169</td></tr><tr class="passedeven"><td><a href="#m21">clickonwebtable</a></td><td rowspan="1">1641646779956</td><td rowspan="1">104</td></tr><tr class="passedeven"><td><a href="#m22">filldetails</a></td><td rowspan="1">1641646780422</td><td rowspan="1">1145</td></tr></tbody>
<tbody id="t5"><tr><th colspan="4">Buttons &#8212; failed</th></tr><tr class="failedeven"><td rowspan="1">test.Testingbaba_ButtonTest</td><td><a href="#m23">getverifybuttondata</a></td><td rowspan="1">1641646818260</td><td rowspan="1">234</td></tr><tr><th colspan="4">Buttons &#8212; passed</th></tr><tr class="passedeven"><td rowspan="6">test.Testingbaba_ButtonTest</td><td><a href="#m24">clickonButtons</a></td><td rowspan="1">1641646816167</td><td rowspan="1">111</td></tr><tr class="passedeven"><td><a href="#m25">clickonElements</a></td><td rowspan="1">1641646815667</td><td rowspan="1">215</td></tr><tr class="passedeven"><td><a href="#m26">clickonclick</a></td><td rowspan="1">1641646817476</td><td rowspan="1">199</td></tr><tr class="passedeven"><td><a href="#m27">performDoubleclick</a></td><td rowspan="1">1641646816547</td><td rowspan="1">175</td></tr><tr class="passedeven"><td><a href="#m28">performRightclick</a></td><td rowspan="1">1641646816969</td><td rowspan="1">217</td></tr><tr class="passedeven"><td><a href="#m29">readbuttonboxdata</a></td><td rowspan="1">1641646818019</td><td rowspan="1">19</td></tr></tbody>
<tbody id="t6"><tr><th colspan="4">Links &#8212; passed</th></tr><tr class="passedeven"><td rowspan="4">test.Testingbaba_linksTest</td><td><a href="#m30">clickonAPIcall</a></td><td rowspan="1">1641646834563</td><td rowspan="1">1238</td></tr><tr class="passedeven"><td><a href="#m31">clickonDemoPage</a></td><td rowspan="1">1641646829847</td><td rowspan="1">4467</td></tr><tr class="passedeven"><td><a href="#m32">clickonElements</a></td><td rowspan="1">1641646828840</td><td rowspan="1">183</td></tr><tr class="passedeven"><td><a href="#m33">clickonLinks</a></td><td rowspan="1">1641646829340</td><td rowspan="1">222</td></tr></tbody>
<tbody id="t7"><tr><th colspan="4">Uploadfile &#8212; passed</th></tr><tr class="passedeven"><td rowspan="3">test.Testingbaba_UploadfileTest</td><td><a href="#m34">clickonElements</a></td><td rowspan="1">1641646844569</td><td rowspan="1">307</td></tr><tr class="passedeven"><td><a href="#m35">clickonUploaddownload</a></td><td rowspan="1">1641646845125</td><td rowspan="1">154</td></tr><tr class="passedeven"><td><a href="#m36">clickonuploadfile</a></td><td rowspan="1">1641646845542</td><td rowspan="1">5163</td></tr></tbody>
<tbody id="t8"><tr><th colspan="4">Browser_Windows &#8212; passed</th></tr><tr class="passedeven"><td rowspan="2">test.Testingbaba_browserwindowTest</td><td><a href="#m37">clickonalartframewindowbtn</a></td><td rowspan="1">1641646861781</td><td rowspan="1">259</td></tr><tr class="passedeven"><td><a href="#m38">clickonbrowserwindowbtnbtn</a></td><td rowspan="1">1641646862398</td><td rowspan="1">7705</td></tr></tbody>
<tbody id="t9"><tr><th colspan="4">Alarts &#8212; passed</th></tr><tr class="passedeven"><td rowspan="6">test.Testingbaba_alartTest</td><td><a href="#m39">clickonalartbtn</a></td><td rowspan="1">1641646882294</td><td rowspan="1">140</td></tr><tr class="passedeven"><td><a href="#m40">clickonalartframewindowbtn</a></td><td rowspan="1">1641646881881</td><td rowspan="1">164</td></tr><tr class="passedeven"><td><a href="#m41">clickonclickmebtn</a></td><td rowspan="1">1641646882692</td><td rowspan="1">161</td></tr><tr class="passedeven"><td><a href="#m42">clickonclickmebtn2</a></td><td rowspan="1">1641646883117</td><td rowspan="1">5380</td></tr><tr class="passedeven"><td><a href="#m43">clickonclickmebtn3</a></td><td rowspan="1">1641646888677</td><td rowspan="1">108</td></tr><tr class="passedeven"><td><a href="#m44">clickonclickmebtn4</a></td><td rowspan="1">1641646888997</td><td rowspan="1">127</td></tr></tbody>
<tbody id="t10"><tr><th colspan="4">Frame &#8212; passed</th></tr><tr class="passedeven"><td rowspan="4">test.Testingbaba_FrameTest</td><td><a href="#m45">clickonalartframewindowbtn</a></td><td rowspan="1">1641646904153</td><td rowspan="1">263</td></tr><tr class="passedeven"><td><a href="#m46">clickonframebtn</a></td><td rowspan="1">1641646904696</td><td rowspan="1">177</td></tr><tr class="passedeven"><td><a href="#m47">longframe</a></td><td rowspan="1">1641646905349</td><td rowspan="1">155</td></tr><tr class="passedeven"><td><a href="#m48">samllframe</a></td><td rowspan="1">1641646905678</td><td rowspan="1">189</td></tr></tbody>
<tbody id="t11"><tr><th colspan="4">NestedFrame &#8212; passed</th></tr><tr class="passedeven"><td rowspan="4">test.Testingbaba_FrameTest</td><td><a href="#m49">clickonalartframewindowbtn</a></td><td rowspan="1">1641646918646</td><td rowspan="1">170</td></tr><tr class="passedeven"><td><a href="#m50">clickonframebtn</a></td><td rowspan="1">1641646919054</td><td rowspan="1">190</td></tr><tr class="passedeven"><td><a href="#m51">longframe</a></td><td rowspan="1">1641646919732</td><td rowspan="1">117</td></tr><tr class="passedeven"><td><a href="#m52">samllframe</a></td><td rowspan="1">1641646920153</td><td rowspan="1">206</td></tr></tbody>
<tbody id="t12"><tr><th colspan="4">Modal_Dialoges &#8212; failed</th></tr><tr class="failedeven"><td rowspan="2">test.Testingbaba_ModalDilogsTest</td><td><a href="#m53">clickonlargemodelbtnbtn</a></td><td rowspan="1">1641646939813</td><td rowspan="1">1357</td></tr><tr class="failedeven"><td><a href="#m54">clickonsmallmodelbtn</a></td><td rowspan="1">1641646939277</td><td rowspan="1">252</td></tr><tr><th colspan="4">Modal_Dialoges &#8212; passed</th></tr><tr class="passedeven"><td rowspan="2">test.Testingbaba_ModalDilogsTest</td><td><a href="#m55">clickonalartframewindowbtn</a></td><td rowspan="1">1641646938177</td><td rowspan="1">273</td></tr><tr class="passedeven"><td><a href="#m56">clickonmodeldilogsbtnbtn</a></td><td rowspan="1">1641646938784</td><td rowspan="1">206</td></tr></tbody>
</table>
<h2>LoginTest</h2><h3 id="m0">test.Testingbaba_LoginTest#clickonclosebtn</h3><table class="result"><tr><th class="invisible"/></tr></table><p class="totop"><a href="#summary">back to summary</a></p>
<h2>Textbox</h2><h3 id="m1">test.Testingbaba_TextBoxTest#getlaunch_testingbabaUrl</h3><table class="result"><tr><th>Exception</th></tr><tr><td><div class="stacktrace">java.lang.IllegalArgumentException: Can not set java.util.ArrayList field pages.Testingbaba_TextBoxpage.tabledata to jdk.proxy2.$Proxy16
	at org.openqa.selenium.support.PageFactory.proxyFields(PageFactory.java:117)
	at org.openqa.selenium.support.PageFactory.initElements(PageFactory.java:105)
	at org.openqa.selenium.support.PageFactory.initElements(PageFactory.java:92)
	at org.openqa.selenium.support.PageFactory.initElements(PageFactory.java:79)
	at pages.Testingbaba_TextBoxpage.&lt;init&gt;(Testingbaba_TextBoxpage.java:21)
	at test.Testingbaba_TextBoxTest.getlaunch_testingbabaUrl(Testingbaba_TextBoxTest.java:16)
... Removed 28 stack frames</div></td></tr></table><p class="totop"><a href="#summary">back to summary</a></p>
<h3 id="m2">test.Testingbaba_TextBoxTest#resultanalysis</h3><table class="result"><tr><th class="invisible"/></tr></table><p class="totop"><a href="#summary">back to summary</a></p>
<h3 id="m3">test.Testingbaba_TextBoxTest#resultanalysis</h3><table class="result"><tr><th class="invisible"/></tr></table><p class="totop"><a href="#summary">back to summary</a></p>
<h3 id="m4">test.Testingbaba_TextBoxTest#resultanalysis</h3><table class="result"><tr><th class="invisible"/></tr></table><p class="totop"><a href="#summary">back to summary</a></p>
<h3 id="m5">test.Testingbaba_TextBoxTest#resultanalysis</h3><table class="result"><tr><th class="invisible"/></tr></table><p class="totop"><a href="#summary">back to summary</a></p>
<h3 id="m6">test.Testingbaba_TextBoxTest#teardown</h3><table class="result"><tr><th class="invisible"/></tr></table><p class="totop"><a href="#summary">back to summary</a></p>
<h3 id="m7">test.Testingbaba_TextBoxTest#Filltaxboxdetails</h3><table class="result"><tr><th>Exception</th></tr><tr><td><div class="stacktrace">java.lang.IllegalArgumentException: Can not set java.util.ArrayList field pages.Testingbaba_TextBoxpage.tabledata to jdk.proxy2.$Proxy16
	at org.openqa.selenium.support.PageFactory.proxyFields(PageFactory.java:117)
	at org.openqa.selenium.support.PageFactory.initElements(PageFactory.java:105)
	at org.openqa.selenium.support.PageFactory.initElements(PageFactory.java:92)
	at org.openqa.selenium.support.PageFactory.initElements(PageFactory.java:79)
	at pages.Testingbaba_TextBoxpage.&lt;init&gt;(Testingbaba_TextBoxpage.java:21)
	at test.Testingbaba_TextBoxTest.getlaunch_testingbabaUrl(Testingbaba_TextBoxTest.java:16)
... Removed 28 stack frames</div></td></tr></table><p class="totop"><a href="#summary">back to summary</a></p>
<h3 id="m8">test.Testingbaba_TextBoxTest#clickonElements</h3><table class="result"><tr><th>Exception</th></tr><tr><td><div class="stacktrace">java.lang.IllegalArgumentException: Can not set java.util.ArrayList field pages.Testingbaba_TextBoxpage.tabledata to jdk.proxy2.$Proxy16
	at org.openqa.selenium.support.PageFactory.proxyFields(PageFactory.java:117)
	at org.openqa.selenium.support.PageFactory.initElements(PageFactory.java:105)
	at org.openqa.selenium.support.PageFactory.initElements(PageFactory.java:92)
	at org.openqa.selenium.support.PageFactory.initElements(PageFactory.java:79)
	at pages.Testingbaba_TextBoxpage.&lt;init&gt;(Testingbaba_TextBoxpage.java:21)
	at test.Testingbaba_TextBoxTest.getlaunch_testingbabaUrl(Testingbaba_TextBoxTest.java:16)
... Removed 28 stack frames</div></td></tr></table><p class="totop"><a href="#summary">back to summary</a></p>
<h3 id="m9">test.Testingbaba_TextBoxTest#clickonTextBox</h3><table class="result"><tr><th>Exception</th></tr><tr><td><div class="stacktrace">java.lang.IllegalArgumentException: Can not set java.util.ArrayList field pages.Testingbaba_TextBoxpage.tabledata to jdk.proxy2.$Proxy16
	at org.openqa.selenium.support.PageFactory.proxyFields(PageFactory.java:117)
	at org.openqa.selenium.support.PageFactory.initElements(PageFactory.java:105)
	at org.openqa.selenium.support.PageFactory.initElements(PageFactory.java:92)
	at org.openqa.selenium.support.PageFactory.initElements(PageFactory.java:79)
	at pages.Testingbaba_TextBoxpage.&lt;init&gt;(Testingbaba_TextBoxpage.java:21)
	at test.Testingbaba_TextBoxTest.getlaunch_testingbabaUrl(Testingbaba_TextBoxTest.java:16)
... Removed 28 stack frames</div></td></tr></table><p class="totop"><a href="#summary">back to summary</a></p>
<h3 id="m10">test.Testingbaba_TextBoxTest#getvarifytextboxdata</h3><table class="result"><tr><th>Exception</th></tr><tr><td><div class="stacktrace">java.lang.IllegalArgumentException: Can not set java.util.ArrayList field pages.Testingbaba_TextBoxpage.tabledata to jdk.proxy2.$Proxy16
	at org.openqa.selenium.support.PageFactory.proxyFields(PageFactory.java:117)
	at org.openqa.selenium.support.PageFactory.initElements(PageFactory.java:105)
	at org.openqa.selenium.support.PageFactory.initElements(PageFactory.java:92)
	at org.openqa.selenium.support.PageFactory.initElements(PageFactory.java:79)
	at pages.Testingbaba_TextBoxpage.&lt;init&gt;(Testingbaba_TextBoxpage.java:21)
	at test.Testingbaba_TextBoxTest.getlaunch_testingbabaUrl(Testingbaba_TextBoxTest.java:16)
... Removed 28 stack frames</div></td></tr></table><p class="totop"><a href="#summary">back to summary</a></p>
<h2>Checkbox</h2><h3 id="m11">test.Testingbaba_CheckboxTest#getverifiedcheckboxdata</h3><table class="result"><tr><th>Exception</th></tr><tr><td><div class="stacktrace">org.junit.ComparisonFailure: expected:&lt;[]&gt; but was:&lt;[You are selected Mobile]&gt;
	at org.junit.Assert.assertEquals(Assert.java:115)
	at org.junit.Assert.assertEquals(Assert.java:144)
	at pages.Testingbaba_Checkboxpage.getverifiedcheckboxdata(Testingbaba_Checkboxpage.java:88)
	at test.Testingbaba_CheckboxTest.getverifiedcheckboxdata(Testingbaba_CheckboxTest.java:43)
	at java.base/java.util.ArrayList.forEach(ArrayList.java:1511)
... Removed 27 stack frames</div></td></tr></table><p class="totop"><a href="#summary">back to summary</a></p>
<h3 id="m12">test.Testingbaba_CheckboxTest#clickonElements</h3><table class="result"><tr><th class="invisible"/></tr></table><p class="totop"><a href="#summary">back to summary</a></p>
<h3 id="m13">test.Testingbaba_CheckboxTest#clickoncheckbox</h3><table class="result"><tr><th class="invisible"/></tr></table><p class="totop"><a href="#summary">back to summary</a></p>
<h3 id="m14">test.Testingbaba_CheckboxTest#clickonselectedcheckbox</h3><table class="result"><tr><th class="invisible"/></tr></table><p class="totop"><a href="#summary">back to summary</a></p>
<h3 id="m15">test.Testingbaba_CheckboxTest#readcheckboxdata</h3><table class="result"><tr><th class="invisible"/></tr></table><p class="totop"><a href="#summary">back to summary</a></p>
<h2>Radiobutton</h2><h3 id="m16">test.Testingbaba_RadiobuttonTest#clickonElements</h3><table class="result"><tr><th class="invisible"/></tr></table><p class="totop"><a href="#summary">back to summary</a></p>
<h3 id="m17">test.Testingbaba_RadiobuttonTest#clickonNobutton</h3><table class="result"><tr><th class="invisible"/></tr></table><p class="totop"><a href="#summary">back to summary</a></p>
<h3 id="m18">test.Testingbaba_RadiobuttonTest#clickonradiobutton</h3><table class="result"><tr><th class="invisible"/></tr></table><p class="totop"><a href="#summary">back to summary</a></p>
<h2>WebTable</h2><h3 id="m19">test.Testingbaba_WebtableTest#updatedetails</h3><table class="result"><tr><th>Exception</th></tr><tr><td><div class="stacktrace">org.openqa.selenium.NoSuchElementException: no such element: Unable to locate element: {&quot;method&quot;:&quot;xpath&quot;,&quot;selector&quot;:&quot;//*[@name=&quot;edit_name&quot;]&quot;}
  (Session info: chrome=96.0.4664.110)
For documentation on this error, please visit: https://www.seleniumhq.org/exceptions/no_such_element.html
Build info: version: &apos;3.141.59&apos;, revision: &apos;e82be7d358&apos;, time: &apos;2018-11-14T08:25:48&apos;
System info: host: &apos;DESKTOP-8IRBSSS&apos;, ip: &apos;192.168.212.142&apos;, os.name: &apos;Windows 10&apos;, os.arch: &apos;amd64&apos;, os.version: &apos;10.0&apos;, java.version: &apos;16.0.2&apos;
Driver info: org.openqa.selenium.chrome.ChromeDriver
Capabilities {acceptInsecureCerts: false, browserName: chrome, browserVersion: 96.0.4664.110, chrome: {chromedriverVersion: 96.0.4664.35 (8df3babf8da8f..., userDataDir: C:\Users\yogesh\AppData\Loc...}, goog:chromeOptions: {debuggerAddress: localhost:56439}, javascriptEnabled: true, networkConnectionEnabled: false, pageLoadStrategy: normal, platform: WINDOWS, platformName: WINDOWS, proxy: Proxy(), setWindowRect: true, strictFileInteractability: false, timeouts: {implicit: 0, pageLoad: 300000, script: 30000}, unhandledPromptBehavior: dismiss and notify, webauthn:extension:credBlob: true, webauthn:extension:largeBlob: true, webauthn:virtualAuthenticators: true}
Session ID: d8e02a70cef119d82396571afd2fc5ba
*** Element info: {Using=xpath, value=//*[@name=&quot;edit_name&quot;]}
	at org.openqa.selenium.remote.http.W3CHttpResponseCodec.createException(W3CHttpResponseCodec.java:187)
	at org.openqa.selenium.remote.http.W3CHttpResponseCodec.decode(W3CHttpResponseCodec.java:122)
	at org.openqa.selenium.remote.http.W3CHttpResponseCodec.decode(W3CHttpResponseCodec.java:49)
	at org.openqa.selenium.remote.HttpCommandExecutor.execute(HttpCommandExecutor.java:158)
	at org.openqa.selenium.remote.service.DriverCommandExecutor.execute(DriverCommandExecutor.java:83)
	at org.openqa.selenium.remote.RemoteWebDriver.execute(RemoteWebDriver.java:552)
	at org.openqa.selenium.remote.RemoteWebDriver.findElement(RemoteWebDriver.java:323)
	at org.openqa.selenium.remote.RemoteWebDriver.findElementByXPath(RemoteWebDriver.java:428)
	at org.openqa.selenium.By$ByXPath.findElement(By.java:353)
	at org.openqa.selenium.remote.RemoteWebDriver.findElement(RemoteWebDriver.java:315)
	at org.openqa.selenium.support.pagefactory.DefaultElementLocator.findElement(DefaultElementLocator.java:69)
	at org.openqa.selenium.support.pagefactory.internal.LocatingElementHandler.invoke(LocatingElementHandler.java:38)
	at jdk.proxy2/jdk.proxy2.$Proxy13.clear(Unknown Source)
	at pages.Testingbaba_Webtablepage.Updatenamedetails(Testingbaba_Webtablepage.java:82)
	at test.Testingbaba_WebtableTest.updatedetails(Testingbaba_WebtableTest.java:39)
	at java.base/java.util.ArrayList.forEach(ArrayList.java:1511)
... Removed 32 stack frames</div></td></tr></table><p class="totop"><a href="#summary">back to summary</a></p>
<h3 id="m20">test.Testingbaba_WebtableTest#clickonElements</h3><table class="result"><tr><th class="invisible"/></tr></table><p class="totop"><a href="#summary">back to summary</a></p>
<h3 id="m21">test.Testingbaba_WebtableTest#clickonwebtable</h3><table class="result"><tr><th class="invisible"/></tr></table><p class="totop"><a href="#summary">back to summary</a></p>
<h3 id="m22">test.Testingbaba_WebtableTest#filldetails</h3><table class="result"><tr><th class="invisible"/></tr></table><p class="totop"><a href="#summary">back to summary</a></p>
<h2>Buttons</h2><h3 id="m23">test.Testingbaba_ButtonTest#getverifybuttondata</h3><table class="result"><tr><th>Exception</th></tr><tr><td><div class="stacktrace">org.junit.ComparisonFailure: expected:&lt;[]&gt; but was:&lt;[you have done a double click]&gt;
	at org.junit.Assert.assertEquals(Assert.java:115)
	at org.junit.Assert.assertEquals(Assert.java:144)
	at pages.Testingbaba_Buttonpage.getverifybuttondata(Testingbaba_Buttonpage.java:99)
	at test.Testingbaba_ButtonTest.getverifybuttondata(Testingbaba_ButtonTest.java:55)
	at java.base/java.util.ArrayList.forEach(ArrayList.java:1511)
... Removed 27 stack frames</div></td></tr></table><p class="totop"><a href="#summary">back to summary</a></p>
<h3 id="m24">test.Testingbaba_ButtonTest#clickonButtons</h3><table class="result"><tr><th class="invisible"/></tr></table><p class="totop"><a href="#summary">back to summary</a></p>
<h3 id="m25">test.Testingbaba_ButtonTest#clickonElements</h3><table class="result"><tr><th class="invisible"/></tr></table><p class="totop"><a href="#summary">back to summary</a></p>
<h3 id="m26">test.Testingbaba_ButtonTest#clickonclick</h3><table class="result"><tr><th class="invisible"/></tr></table><p class="totop"><a href="#summary">back to summary</a></p>
<h3 id="m27">test.Testingbaba_ButtonTest#performDoubleclick</h3><table class="result"><tr><th class="invisible"/></tr></table><p class="totop"><a href="#summary">back to summary</a></p>
<h3 id="m28">test.Testingbaba_ButtonTest#performRightclick</h3><table class="result"><tr><th class="invisible"/></tr></table><p class="totop"><a href="#summary">back to summary</a></p>
<h3 id="m29">test.Testingbaba_ButtonTest#readbuttonboxdata</h3><table class="result"><tr><th class="invisible"/></tr></table><p class="totop"><a href="#summary">back to summary</a></p>
<h2>Links</h2><h3 id="m30">test.Testingbaba_linksTest#clickonAPIcall</h3><table class="result"><tr><th class="invisible"/></tr></table><p class="totop"><a href="#summary">back to summary</a></p>
<h3 id="m31">test.Testingbaba_linksTest#clickonDemoPage</h3><table class="result"><tr><th class="invisible"/></tr></table><p class="totop"><a href="#summary">back to summary</a></p>
<h3 id="m32">test.Testingbaba_linksTest#clickonElements</h3><table class="result"><tr><th class="invisible"/></tr></table><p class="totop"><a href="#summary">back to summary</a></p>
<h3 id="m33">test.Testingbaba_linksTest#clickonLinks</h3><table class="result"><tr><th class="invisible"/></tr></table><p class="totop"><a href="#summary">back to summary</a></p>
<h2>Uploadfile</h2><h3 id="m34">test.Testingbaba_UploadfileTest#clickonElements</h3><table class="result"><tr><th class="invisible"/></tr></table><p class="totop"><a href="#summary">back to summary</a></p>
<h3 id="m35">test.Testingbaba_UploadfileTest#clickonUploaddownload</h3><table class="result"><tr><th class="invisible"/></tr></table><p class="totop"><a href="#summary">back to summary</a></p>
<h3 id="m36">test.Testingbaba_UploadfileTest#clickonuploadfile</h3><table class="result"><tr><th class="invisible"/></tr></table><p class="totop"><a href="#summary">back to summary</a></p>
<h2>Browser_Windows</h2><h3 id="m37">test.Testingbaba_browserwindowTest#clickonalartframewindowbtn</h3><table class="result"><tr><th class="invisible"/></tr></table><p class="totop"><a href="#summary">back to summary</a></p>
<h3 id="m38">test.Testingbaba_browserwindowTest#clickonbrowserwindowbtnbtn</h3><table class="result"><tr><th class="invisible"/></tr></table><p class="totop"><a href="#summary">back to summary</a></p>
<h2>Alarts</h2><h3 id="m39">test.Testingbaba_alartTest#clickonalartbtn</h3><table class="result"><tr><th class="invisible"/></tr></table><p class="totop"><a href="#summary">back to summary</a></p>
<h3 id="m40">test.Testingbaba_alartTest#clickonalartframewindowbtn</h3><table class="result"><tr><th class="invisible"/></tr></table><p class="totop"><a href="#summary">back to summary</a></p>
<h3 id="m41">test.Testingbaba_alartTest#clickonclickmebtn</h3><table class="result"><tr><th class="invisible"/></tr></table><p class="totop"><a href="#summary">back to summary</a></p>
<h3 id="m42">test.Testingbaba_alartTest#clickonclickmebtn2</h3><table class="result"><tr><th class="invisible"/></tr></table><p class="totop"><a href="#summary">back to summary</a></p>
<h3 id="m43">test.Testingbaba_alartTest#clickonclickmebtn3</h3><table class="result"><tr><th class="invisible"/></tr></table><p class="totop"><a href="#summary">back to summary</a></p>
<h3 id="m44">test.Testingbaba_alartTest#clickonclickmebtn4</h3><table class="result"><tr><th class="invisible"/></tr></table><p class="totop"><a href="#summary">back to summary</a></p>
<h2>Frame</h2><h3 id="m45">test.Testingbaba_FrameTest#clickonalartframewindowbtn</h3><table class="result"><tr><th class="invisible"/></tr></table><p class="totop"><a href="#summary">back to summary</a></p>
<h3 id="m46">test.Testingbaba_FrameTest#clickonframebtn</h3><table class="result"><tr><th class="invisible"/></tr></table><p class="totop"><a href="#summary">back to summary</a></p>
<h3 id="m47">test.Testingbaba_FrameTest#longframe</h3><table class="result"><tr><th class="invisible"/></tr></table><p class="totop"><a href="#summary">back to summary</a></p>
<h3 id="m48">test.Testingbaba_FrameTest#samllframe</h3><table class="result"><tr><th class="invisible"/></tr></table><p class="totop"><a href="#summary">back to summary</a></p>
<h2>NestedFrame</h2><h3 id="m49">test.Testingbaba_FrameTest#clickonalartframewindowbtn</h3><table class="result"><tr><th class="invisible"/></tr></table><p class="totop"><a href="#summary">back to summary</a></p>
<h3 id="m50">test.Testingbaba_FrameTest#clickonframebtn</h3><table class="result"><tr><th class="invisible"/></tr></table><p class="totop"><a href="#summary">back to summary</a></p>
<h3 id="m51">test.Testingbaba_FrameTest#longframe</h3><table class="result"><tr><th class="invisible"/></tr></table><p class="totop"><a href="#summary">back to summary</a></p>
<h3 id="m52">test.Testingbaba_FrameTest#samllframe</h3><table class="result"><tr><th class="invisible"/></tr></table><p class="totop"><a href="#summary">back to summary</a></p>
<h2>Modal_Dialoges</h2><h3 id="m53">test.Testingbaba_ModalDilogsTest#clickonlargemodelbtnbtn</h3><table class="result"><tr><th>Exception</th></tr><tr><td><div class="stacktrace">org.openqa.selenium.ElementClickInterceptedException: element click intercepted: Element &lt;button type=&quot;button&quot; class=&quot;btn btn-primary mt-2&quot; data-toggle=&quot;modal&quot; data-target=&quot;#exampleModal2&quot;&gt;...&lt;/button&gt; is not clickable at point (586, 163). Other element would receive the click: &lt;div class=&quot;modal fade show&quot; id=&quot;exampleModal1&quot; tabindex=&quot;-1&quot; aria-labelledby=&quot;exampleModalLabel&quot; aria-modal=&quot;true&quot; role=&quot;dialog&quot; style=&quot;padding-right: 16px; display: block;&quot;&gt;...&lt;/div&gt;
  (Session info: chrome=96.0.4664.110)
Build info: version: &apos;3.141.59&apos;, revision: &apos;e82be7d358&apos;, time: &apos;2018-11-14T08:25:48&apos;
System info: host: &apos;DESKTOP-8IRBSSS&apos;, ip: &apos;192.168.212.142&apos;, os.name: &apos;Windows 10&apos;, os.arch: &apos;amd64&apos;, os.version: &apos;10.0&apos;, java.version: &apos;16.0.2&apos;
Driver info: org.openqa.selenium.chrome.ChromeDriver
Capabilities {acceptInsecureCerts: false, browserName: chrome, browserVersion: 96.0.4664.110, chrome: {chromedriverVersion: 96.0.4664.35 (8df3babf8da8f..., userDataDir: C:\Users\yogesh\AppData\Loc...}, goog:chromeOptions: {debuggerAddress: localhost:53211}, javascriptEnabled: true, networkConnectionEnabled: false, pageLoadStrategy: normal, platform: WINDOWS, platformName: WINDOWS, proxy: Proxy(), setWindowRect: true, strictFileInteractability: false, timeouts: {implicit: 0, pageLoad: 300000, script: 30000}, unhandledPromptBehavior: dismiss and notify, webauthn:extension:credBlob: true, webauthn:extension:largeBlob: true, webauthn:virtualAuthenticators: true}
Session ID: ac6bc8ebda705d9f4173c112d9dbe2eb
	at org.openqa.selenium.remote.http.W3CHttpResponseCodec.createException(W3CHttpResponseCodec.java:187)
	at org.openqa.selenium.remote.http.W3CHttpResponseCodec.decode(W3CHttpResponseCodec.java:122)
	at org.openqa.selenium.remote.http.W3CHttpResponseCodec.decode(W3CHttpResponseCodec.java:49)
	at org.openqa.selenium.remote.HttpCommandExecutor.execute(HttpCommandExecutor.java:158)
	at org.openqa.selenium.remote.service.DriverCommandExecutor.execute(DriverCommandExecutor.java:83)
	at org.openqa.selenium.remote.RemoteWebDriver.execute(RemoteWebDriver.java:552)
	at org.openqa.selenium.remote.RemoteWebElement.execute(RemoteWebElement.java:285)
	at org.openqa.selenium.remote.RemoteWebElement.click(RemoteWebElement.java:84)
	at org.openqa.selenium.support.pagefactory.internal.LocatingElementHandler.invoke(LocatingElementHandler.java:51)
	at jdk.proxy2/jdk.proxy2.$Proxy13.click(Unknown Source)
	at applicationutility.Applicationutility.clickme(Applicationutility.java:22)
	at pages.Testingbaba_ModalDilogspage.clickonlargemodelbtnbtn(Testingbaba_ModalDilogspage.java:62)
	at test.Testingbaba_ModalDilogsTest.clickonlargemodelbtnbtn(Testingbaba_ModalDilogsTest.java:38)
	at java.base/java.util.ArrayList.forEach(ArrayList.java:1511)
... Removed 35 stack frames</div></td></tr></table><p class="totop"><a href="#summary">back to summary</a></p>
<h3 id="m54">test.Testingbaba_ModalDilogsTest#clickonsmallmodelbtn</h3><table class="result"><tr><th>Exception</th></tr><tr><td><div class="stacktrace">org.openqa.selenium.NoAlertPresentException: no such alert
  (Session info: chrome=96.0.4664.110)
Build info: version: &apos;3.141.59&apos;, revision: &apos;e82be7d358&apos;, time: &apos;2018-11-14T08:25:48&apos;
System info: host: &apos;DESKTOP-8IRBSSS&apos;, ip: &apos;192.168.212.142&apos;, os.name: &apos;Windows 10&apos;, os.arch: &apos;amd64&apos;, os.version: &apos;10.0&apos;, java.version: &apos;16.0.2&apos;
Driver info: org.openqa.selenium.chrome.ChromeDriver
Capabilities {acceptInsecureCerts: false, browserName: chrome, browserVersion: 96.0.4664.110, chrome: {chromedriverVersion: 96.0.4664.35 (8df3babf8da8f..., userDataDir: C:\Users\yogesh\AppData\Loc...}, goog:chromeOptions: {debuggerAddress: localhost:53211}, javascriptEnabled: true, networkConnectionEnabled: false, pageLoadStrategy: normal, platform: WINDOWS, platformName: WINDOWS, proxy: Proxy(), setWindowRect: true, strictFileInteractability: false, timeouts: {implicit: 0, pageLoad: 300000, script: 30000}, unhandledPromptBehavior: dismiss and notify, webauthn:extension:credBlob: true, webauthn:extension:largeBlob: true, webauthn:virtualAuthenticators: true}
Session ID: ac6bc8ebda705d9f4173c112d9dbe2eb
	at org.openqa.selenium.remote.http.W3CHttpResponseCodec.createException(W3CHttpResponseCodec.java:187)
	at org.openqa.selenium.remote.http.W3CHttpResponseCodec.decode(W3CHttpResponseCodec.java:122)
	at org.openqa.selenium.remote.http.W3CHttpResponseCodec.decode(W3CHttpResponseCodec.java:49)
	at org.openqa.selenium.remote.HttpCommandExecutor.execute(HttpCommandExecutor.java:158)
	at org.openqa.selenium.remote.service.DriverCommandExecutor.execute(DriverCommandExecutor.java:83)
	at org.openqa.selenium.remote.RemoteWebDriver.execute(RemoteWebDriver.java:552)
	at org.openqa.selenium.remote.RemoteWebDriver.execute(RemoteWebDriver.java:609)
	at org.openqa.selenium.remote.RemoteWebDriver$RemoteTargetLocator.alert(RemoteWebDriver.java:932)
	at pages.Testingbaba_ModalDilogspage.clickonsmallmodelbtn(Testingbaba_ModalDilogspage.java:55)
	at test.Testingbaba_ModalDilogsTest.clickonsmallmodelbtn(Testingbaba_ModalDilogsTest.java:33)
	at java.base/java.util.ArrayList.forEach(ArrayList.java:1511)
... Removed 32 stack frames</div></td></tr></table><p class="totop"><a href="#summary">back to summary</a></p>
<h3 id="m55">test.Testingbaba_ModalDilogsTest#clickonalartframewindowbtn</h3><table class="result"><tr><th class="invisible"/></tr></table><p class="totop"><a href="#summary">back to summary</a></p>
<h3 id="m56">test.Testingbaba_ModalDilogsTest#clickonmodeldilogsbtnbtn</h3><table class="result"><tr><th class="invisible"/></tr></table><p class="totop"><a href="#summary">back to summary</a></p>
</body>
</html>
