<?xml version="1.0" encoding="UTF-8"?>
<testng-results ignored="0" total="51" passed="42" failed="5" skipped="4">
  <reporter-output>
  </reporter-output>
  <suite started-at="2022-01-08T18:28:40 IST" name="Testing_baba" finished-at="2022-01-08T18:32:21 IST" duration-ms="221236">
    <groups>
    </groups>
    <test started-at="2022-01-08T18:28:40 IST" name="LoginTest" finished-at="2022-01-08T18:28:51 IST" duration-ms="11389">
      <class name="test.Testingbaba_LoginTest">
        <test-method is-config="true" signature="getlaunch_testingbabaUrl()[pri:0, instance:test.Testingbaba_LoginTest@72a7c7e0]" started-at="2022-01-08T18:28:40 IST" name="getlaunch_testingbabaUrl" finished-at="2022-01-08T18:28:48 IST" duration-ms="7979" status="PASS">
          <reporter-output>
          </reporter-output>
        </test-method> <!-- getlaunch_testingbabaUrl -->
        <test-method signature="clickonclosebtn()[pri:0, instance:test.Testingbaba_LoginTest@72a7c7e0]" started-at="2022-01-08T18:28:48 IST" name="clickonclosebtn" finished-at="2022-01-08T18:28:51 IST" duration-ms="2782" status="PASS">
          <reporter-output>
          </reporter-output>
        </test-method> <!-- clickonclosebtn -->
        <test-method is-config="true" signature="resultanalysis(org.testng.ITestResult)[pri:0, instance:test.Testingbaba_LoginTest@72a7c7e0]" started-at="2022-01-08T18:28:51 IST" name="resultanalysis" finished-at="2022-01-08T18:28:51 IST" duration-ms="278" status="PASS">
          <params>
            <param index="0">
              <value>
                <![CDATA[[TestResult name=clickonclosebtn status=SUCCESS method=Testingbaba_LoginTest.clickonclosebtn()[pri:0, instance:test.Testingbaba_LoginTest@72a7c7e0] output={null}]]]>
              </value>
            </param>
          </params>
          <reporter-output>
          </reporter-output>
        </test-method> <!-- resultanalysis -->
        <test-method is-config="true" signature="teardown()[pri:0, instance:test.Testingbaba_LoginTest@72a7c7e0]" started-at="2022-01-08T18:28:51 IST" name="teardown" finished-at="2022-01-08T18:28:51 IST" duration-ms="274" status="PASS">
          <reporter-output>
          </reporter-output>
        </test-method> <!-- teardown -->
      </class> <!-- test.Testingbaba_LoginTest -->
    </test> <!-- LoginTest -->
    <test started-at="2022-01-08T18:28:51 IST" name="Textbox" finished-at="2022-01-08T18:28:58 IST" duration-ms="6651">
      <class name="test.Testingbaba_TextBoxTest">
        <test-method is-config="true" signature="getlaunch_testingbabaUrl()[pri:0, instance:test.Testingbaba_TextBoxTest@16ec5519]" started-at="2022-01-08T18:28:51 IST" name="getlaunch_testingbabaUrl" finished-at="2022-01-08T18:28:58 IST" duration-ms="6605" status="FAIL">
          <exception class="java.lang.IllegalArgumentException">
            <message>
              <![CDATA[Can not set java.util.ArrayList field pages.Testingbaba_TextBoxpage.tabledata to jdk.proxy2.$Proxy16]]>
            </message>
            <full-stacktrace>
              <![CDATA[java.lang.IllegalArgumentException: Can not set java.util.ArrayList field pages.Testingbaba_TextBoxpage.tabledata to jdk.proxy2.$Proxy16
at java.base/jdk.internal.reflect.UnsafeFieldAccessorImpl.throwSetIllegalArgumentException(UnsafeFieldAccessorImpl.java:167)
at java.base/jdk.internal.reflect.UnsafeFieldAccessorImpl.throwSetIllegalArgumentException(UnsafeFieldAccessorImpl.java:171)
at java.base/jdk.internal.reflect.UnsafeObjectFieldAccessorImpl.set(UnsafeObjectFieldAccessorImpl.java:81)
at java.base/java.lang.reflect.Field.set(Field.java:793)
at org.openqa.selenium.support.PageFactory.proxyFields(PageFactory.java:117)
at org.openqa.selenium.support.PageFactory.initElements(PageFactory.java:105)
at org.openqa.selenium.support.PageFactory.initElements(PageFactory.java:92)
at org.openqa.selenium.support.PageFactory.initElements(PageFactory.java:79)
at pages.Testingbaba_TextBoxpage.<init>(Testingbaba_TextBoxpage.java:21)
at test.Testingbaba_TextBoxTest.getlaunch_testingbabaUrl(Testingbaba_TextBoxTest.java:16)
at java.base/jdk.internal.reflect.NativeMethodAccessorImpl.invoke0(Native Method)
at java.base/jdk.internal.reflect.NativeMethodAccessorImpl.invoke(NativeMethodAccessorImpl.java:78)
at java.base/jdk.internal.reflect.DelegatingMethodAccessorImpl.invoke(DelegatingMethodAccessorImpl.java:43)
at java.base/java.lang.reflect.Method.invoke(Method.java:567)
at org.testng.internal.MethodInvocationHelper.invokeMethod(MethodInvocationHelper.java:133)
at org.testng.internal.MethodInvocationHelper.invokeMethodConsideringTimeout(MethodInvocationHelper.java:62)
at org.testng.internal.ConfigInvoker.invokeConfigurationMethod(ConfigInvoker.java:385)
at org.testng.internal.ConfigInvoker.invokeConfigurations(ConfigInvoker.java:321)
at org.testng.TestRunner.invokeTestConfigurations(TestRunner.java:637)
at org.testng.TestRunner.beforeRun(TestRunner.java:627)
at org.testng.TestRunner.run(TestRunner.java:589)
at org.testng.SuiteRunner.runTest(SuiteRunner.java:377)
at org.testng.SuiteRunner.runSequentially(SuiteRunner.java:371)
at org.testng.SuiteRunner.privateRun(SuiteRunner.java:332)
at org.testng.SuiteRunner.run(SuiteRunner.java:276)
at org.testng.SuiteRunnerWorker.runSuite(SuiteRunnerWorker.java:53)
at org.testng.SuiteRunnerWorker.run(SuiteRunnerWorker.java:96)
at org.testng.TestNG.runSuitesSequentially(TestNG.java:1212)
at org.testng.TestNG.runSuitesLocally(TestNG.java:1134)
at org.testng.TestNG.runSuites(TestNG.java:1063)
at org.testng.TestNG.run(TestNG.java:1031)
at org.testng.remote.AbstractRemoteTestNG.run(AbstractRemoteTestNG.java:115)
at org.testng.remote.RemoteTestNG.initAndRun(RemoteTestNG.java:251)
at org.testng.remote.RemoteTestNG.main(RemoteTestNG.java:77)
]]>
            </full-stacktrace>
          </exception> <!-- java.lang.IllegalArgumentException -->
          <reporter-output>
          </reporter-output>
        </test-method> <!-- getlaunch_testingbabaUrl -->
        <test-method signature="clickonElements()[pri:1, instance:test.Testingbaba_TextBoxTest@16ec5519]" started-at="2022-01-08T18:28:58 IST" name="clickonElements" finished-at="2022-01-08T18:28:58 IST" duration-ms="0" status="SKIP">
          <exception class="java.lang.IllegalArgumentException">
            <message>
              <![CDATA[Can not set java.util.ArrayList field pages.Testingbaba_TextBoxpage.tabledata to jdk.proxy2.$Proxy16]]>
            </message>
            <full-stacktrace>
              <![CDATA[java.lang.IllegalArgumentException: Can not set java.util.ArrayList field pages.Testingbaba_TextBoxpage.tabledata to jdk.proxy2.$Proxy16
at java.base/jdk.internal.reflect.UnsafeFieldAccessorImpl.throwSetIllegalArgumentException(UnsafeFieldAccessorImpl.java:167)
at java.base/jdk.internal.reflect.UnsafeFieldAccessorImpl.throwSetIllegalArgumentException(UnsafeFieldAccessorImpl.java:171)
at java.base/jdk.internal.reflect.UnsafeObjectFieldAccessorImpl.set(UnsafeObjectFieldAccessorImpl.java:81)
at java.base/java.lang.reflect.Field.set(Field.java:793)
at org.openqa.selenium.support.PageFactory.proxyFields(PageFactory.java:117)
at org.openqa.selenium.support.PageFactory.initElements(PageFactory.java:105)
at org.openqa.selenium.support.PageFactory.initElements(PageFactory.java:92)
at org.openqa.selenium.support.PageFactory.initElements(PageFactory.java:79)
at pages.Testingbaba_TextBoxpage.<init>(Testingbaba_TextBoxpage.java:21)
at test.Testingbaba_TextBoxTest.getlaunch_testingbabaUrl(Testingbaba_TextBoxTest.java:16)
at java.base/jdk.internal.reflect.NativeMethodAccessorImpl.invoke0(Native Method)
at java.base/jdk.internal.reflect.NativeMethodAccessorImpl.invoke(NativeMethodAccessorImpl.java:78)
at java.base/jdk.internal.reflect.DelegatingMethodAccessorImpl.invoke(DelegatingMethodAccessorImpl.java:43)
at java.base/java.lang.reflect.Method.invoke(Method.java:567)
at org.testng.internal.MethodInvocationHelper.invokeMethod(MethodInvocationHelper.java:133)
at org.testng.internal.MethodInvocationHelper.invokeMethodConsideringTimeout(MethodInvocationHelper.java:62)
at org.testng.internal.ConfigInvoker.invokeConfigurationMethod(ConfigInvoker.java:385)
at org.testng.internal.ConfigInvoker.invokeConfigurations(ConfigInvoker.java:321)
at org.testng.TestRunner.invokeTestConfigurations(TestRunner.java:637)
at org.testng.TestRunner.beforeRun(TestRunner.java:627)
at org.testng.TestRunner.run(TestRunner.java:589)
at org.testng.SuiteRunner.runTest(SuiteRunner.java:377)
at org.testng.SuiteRunner.runSequentially(SuiteRunner.java:371)
at org.testng.SuiteRunner.privateRun(SuiteRunner.java:332)
at org.testng.SuiteRunner.run(SuiteRunner.java:276)
at org.testng.SuiteRunnerWorker.runSuite(SuiteRunnerWorker.java:53)
at org.testng.SuiteRunnerWorker.run(SuiteRunnerWorker.java:96)
at org.testng.TestNG.runSuitesSequentially(TestNG.java:1212)
at org.testng.TestNG.runSuitesLocally(TestNG.java:1134)
at org.testng.TestNG.runSuites(TestNG.java:1063)
at org.testng.TestNG.run(TestNG.java:1031)
at org.testng.remote.AbstractRemoteTestNG.run(AbstractRemoteTestNG.java:115)
at org.testng.remote.RemoteTestNG.initAndRun(RemoteTestNG.java:251)
at org.testng.remote.RemoteTestNG.main(RemoteTestNG.java:77)
]]>
            </full-stacktrace>
          </exception> <!-- java.lang.IllegalArgumentException -->
          <reporter-output>
          </reporter-output>
        </test-method> <!-- clickonElements -->
        <test-method is-config="true" signature="resultanalysis(org.testng.ITestResult)[pri:0, instance:test.Testingbaba_TextBoxTest@16ec5519]" started-at="2022-01-08T18:28:58 IST" name="resultanalysis" finished-at="1970-01-01T05:30:00 IST" duration-ms="-1641646738486" status="SKIP">
          <reporter-output>
          </reporter-output>
        </test-method> <!-- resultanalysis -->
        <test-method signature="clickonTextBox()[pri:2, instance:test.Testingbaba_TextBoxTest@16ec5519]" started-at="2022-01-08T18:28:58 IST" name="clickonTextBox" finished-at="2022-01-08T18:28:58 IST" duration-ms="0" status="SKIP">
          <exception class="java.lang.IllegalArgumentException">
            <message>
              <![CDATA[Can not set java.util.ArrayList field pages.Testingbaba_TextBoxpage.tabledata to jdk.proxy2.$Proxy16]]>
            </message>
            <full-stacktrace>
              <![CDATA[java.lang.IllegalArgumentException: Can not set java.util.ArrayList field pages.Testingbaba_TextBoxpage.tabledata to jdk.proxy2.$Proxy16
at java.base/jdk.internal.reflect.UnsafeFieldAccessorImpl.throwSetIllegalArgumentException(UnsafeFieldAccessorImpl.java:167)
at java.base/jdk.internal.reflect.UnsafeFieldAccessorImpl.throwSetIllegalArgumentException(UnsafeFieldAccessorImpl.java:171)
at java.base/jdk.internal.reflect.UnsafeObjectFieldAccessorImpl.set(UnsafeObjectFieldAccessorImpl.java:81)
at java.base/java.lang.reflect.Field.set(Field.java:793)
at org.openqa.selenium.support.PageFactory.proxyFields(PageFactory.java:117)
at org.openqa.selenium.support.PageFactory.initElements(PageFactory.java:105)
at org.openqa.selenium.support.PageFactory.initElements(PageFactory.java:92)
at org.openqa.selenium.support.PageFactory.initElements(PageFactory.java:79)
at pages.Testingbaba_TextBoxpage.<init>(Testingbaba_TextBoxpage.java:21)
at test.Testingbaba_TextBoxTest.getlaunch_testingbabaUrl(Testingbaba_TextBoxTest.java:16)
at java.base/jdk.internal.reflect.NativeMethodAccessorImpl.invoke0(Native Method)
at java.base/jdk.internal.reflect.NativeMethodAccessorImpl.invoke(NativeMethodAccessorImpl.java:78)
at java.base/jdk.internal.reflect.DelegatingMethodAccessorImpl.invoke(DelegatingMethodAccessorImpl.java:43)
at java.base/java.lang.reflect.Method.invoke(Method.java:567)
at org.testng.internal.MethodInvocationHelper.invokeMethod(MethodInvocationHelper.java:133)
at org.testng.internal.MethodInvocationHelper.invokeMethodConsideringTimeout(MethodInvocationHelper.java:62)
at org.testng.internal.ConfigInvoker.invokeConfigurationMethod(ConfigInvoker.java:385)
at org.testng.internal.ConfigInvoker.invokeConfigurations(ConfigInvoker.java:321)
at org.testng.TestRunner.invokeTestConfigurations(TestRunner.java:637)
at org.testng.TestRunner.beforeRun(TestRunner.java:627)
at org.testng.TestRunner.run(TestRunner.java:589)
at org.testng.SuiteRunner.runTest(SuiteRunner.java:377)
at org.testng.SuiteRunner.runSequentially(SuiteRunner.java:371)
at org.testng.SuiteRunner.privateRun(SuiteRunner.java:332)
at org.testng.SuiteRunner.run(SuiteRunner.java:276)
at org.testng.SuiteRunnerWorker.runSuite(SuiteRunnerWorker.java:53)
at org.testng.SuiteRunnerWorker.run(SuiteRunnerWorker.java:96)
at org.testng.TestNG.runSuitesSequentially(TestNG.java:1212)
at org.testng.TestNG.runSuitesLocally(TestNG.java:1134)
at org.testng.TestNG.runSuites(TestNG.java:1063)
at org.testng.TestNG.run(TestNG.java:1031)
at org.testng.remote.AbstractRemoteTestNG.run(AbstractRemoteTestNG.java:115)
at org.testng.remote.RemoteTestNG.initAndRun(RemoteTestNG.java:251)
at org.testng.remote.RemoteTestNG.main(RemoteTestNG.java:77)
]]>
            </full-stacktrace>
          </exception> <!-- java.lang.IllegalArgumentException -->
          <reporter-output>
          </reporter-output>
        </test-method> <!-- clickonTextBox -->
        <test-method is-config="true" signature="resultanalysis(org.testng.ITestResult)[pri:0, instance:test.Testingbaba_TextBoxTest@16ec5519]" started-at="2022-01-08T18:28:58 IST" name="resultanalysis" finished-at="1970-01-01T05:30:00 IST" duration-ms="-1641646738495" status="SKIP">
          <reporter-output>
          </reporter-output>
        </test-method> <!-- resultanalysis -->
        <test-method signature="Filltaxboxdetails()[pri:3, instance:test.Testingbaba_TextBoxTest@16ec5519]" started-at="2022-01-08T18:28:58 IST" name="Filltaxboxdetails" finished-at="2022-01-08T18:28:58 IST" duration-ms="0" status="SKIP">
          <exception class="java.lang.IllegalArgumentException">
            <message>
              <![CDATA[Can not set java.util.ArrayList field pages.Testingbaba_TextBoxpage.tabledata to jdk.proxy2.$Proxy16]]>
            </message>
            <full-stacktrace>
              <![CDATA[java.lang.IllegalArgumentException: Can not set java.util.ArrayList field pages.Testingbaba_TextBoxpage.tabledata to jdk.proxy2.$Proxy16
at java.base/jdk.internal.reflect.UnsafeFieldAccessorImpl.throwSetIllegalArgumentException(UnsafeFieldAccessorImpl.java:167)
at java.base/jdk.internal.reflect.UnsafeFieldAccessorImpl.throwSetIllegalArgumentException(UnsafeFieldAccessorImpl.java:171)
at java.base/jdk.internal.reflect.UnsafeObjectFieldAccessorImpl.set(UnsafeObjectFieldAccessorImpl.java:81)
at java.base/java.lang.reflect.Field.set(Field.java:793)
at org.openqa.selenium.support.PageFactory.proxyFields(PageFactory.java:117)
at org.openqa.selenium.support.PageFactory.initElements(PageFactory.java:105)
at org.openqa.selenium.support.PageFactory.initElements(PageFactory.java:92)
at org.openqa.selenium.support.PageFactory.initElements(PageFactory.java:79)
at pages.Testingbaba_TextBoxpage.<init>(Testingbaba_TextBoxpage.java:21)
at test.Testingbaba_TextBoxTest.getlaunch_testingbabaUrl(Testingbaba_TextBoxTest.java:16)
at java.base/jdk.internal.reflect.NativeMethodAccessorImpl.invoke0(Native Method)
at java.base/jdk.internal.reflect.NativeMethodAccessorImpl.invoke(NativeMethodAccessorImpl.java:78)
at java.base/jdk.internal.reflect.DelegatingMethodAccessorImpl.invoke(DelegatingMethodAccessorImpl.java:43)
at java.base/java.lang.reflect.Method.invoke(Method.java:567)
at org.testng.internal.MethodInvocationHelper.invokeMethod(MethodInvocationHelper.java:133)
at org.testng.internal.MethodInvocationHelper.invokeMethodConsideringTimeout(MethodInvocationHelper.java:62)
at org.testng.internal.ConfigInvoker.invokeConfigurationMethod(ConfigInvoker.java:385)
at org.testng.internal.ConfigInvoker.invokeConfigurations(ConfigInvoker.java:321)
at org.testng.TestRunner.invokeTestConfigurations(TestRunner.java:637)
at org.testng.TestRunner.beforeRun(TestRunner.java:627)
at org.testng.TestRunner.run(TestRunner.java:589)
at org.testng.SuiteRunner.runTest(SuiteRunner.java:377)
at org.testng.SuiteRunner.runSequentially(SuiteRunner.java:371)
at org.testng.SuiteRunner.privateRun(SuiteRunner.java:332)
at org.testng.SuiteRunner.run(SuiteRunner.java:276)
at org.testng.SuiteRunnerWorker.runSuite(SuiteRunnerWorker.java:53)
at org.testng.SuiteRunnerWorker.run(SuiteRunnerWorker.java:96)
at org.testng.TestNG.runSuitesSequentially(TestNG.java:1212)
at org.testng.TestNG.runSuitesLocally(TestNG.java:1134)
at org.testng.TestNG.runSuites(TestNG.java:1063)
at org.testng.TestNG.run(TestNG.java:1031)
at org.testng.remote.AbstractRemoteTestNG.run(AbstractRemoteTestNG.java:115)
at org.testng.remote.RemoteTestNG.initAndRun(RemoteTestNG.java:251)
at org.testng.remote.RemoteTestNG.main(RemoteTestNG.java:77)
]]>
            </full-stacktrace>
          </exception> <!-- java.lang.IllegalArgumentException -->
          <reporter-output>
          </reporter-output>
        </test-method> <!-- Filltaxboxdetails -->
        <test-method is-config="true" signature="resultanalysis(org.testng.ITestResult)[pri:0, instance:test.Testingbaba_TextBoxTest@16ec5519]" started-at="2022-01-08T18:28:58 IST" name="resultanalysis" finished-at="1970-01-01T05:30:00 IST" duration-ms="-1641646738500" status="SKIP">
          <reporter-output>
          </reporter-output>
        </test-method> <!-- resultanalysis -->
        <test-method signature="getvarifytextboxdata()[pri:4, instance:test.Testingbaba_TextBoxTest@16ec5519]" started-at="2022-01-08T18:28:58 IST" name="getvarifytextboxdata" finished-at="2022-01-08T18:28:58 IST" duration-ms="0" status="SKIP">
          <exception class="java.lang.IllegalArgumentException">
            <message>
              <![CDATA[Can not set java.util.ArrayList field pages.Testingbaba_TextBoxpage.tabledata to jdk.proxy2.$Proxy16]]>
            </message>
            <full-stacktrace>
              <![CDATA[java.lang.IllegalArgumentException: Can not set java.util.ArrayList field pages.Testingbaba_TextBoxpage.tabledata to jdk.proxy2.$Proxy16
at java.base/jdk.internal.reflect.UnsafeFieldAccessorImpl.throwSetIllegalArgumentException(UnsafeFieldAccessorImpl.java:167)
at java.base/jdk.internal.reflect.UnsafeFieldAccessorImpl.throwSetIllegalArgumentException(UnsafeFieldAccessorImpl.java:171)
at java.base/jdk.internal.reflect.UnsafeObjectFieldAccessorImpl.set(UnsafeObjectFieldAccessorImpl.java:81)
at java.base/java.lang.reflect.Field.set(Field.java:793)
at org.openqa.selenium.support.PageFactory.proxyFields(PageFactory.java:117)
at org.openqa.selenium.support.PageFactory.initElements(PageFactory.java:105)
at org.openqa.selenium.support.PageFactory.initElements(PageFactory.java:92)
at org.openqa.selenium.support.PageFactory.initElements(PageFactory.java:79)
at pages.Testingbaba_TextBoxpage.<init>(Testingbaba_TextBoxpage.java:21)
at test.Testingbaba_TextBoxTest.getlaunch_testingbabaUrl(Testingbaba_TextBoxTest.java:16)
at java.base/jdk.internal.reflect.NativeMethodAccessorImpl.invoke0(Native Method)
at java.base/jdk.internal.reflect.NativeMethodAccessorImpl.invoke(NativeMethodAccessorImpl.java:78)
at java.base/jdk.internal.reflect.DelegatingMethodAccessorImpl.invoke(DelegatingMethodAccessorImpl.java:43)
at java.base/java.lang.reflect.Method.invoke(Method.java:567)
at org.testng.internal.MethodInvocationHelper.invokeMethod(MethodInvocationHelper.java:133)
at org.testng.internal.MethodInvocationHelper.invokeMethodConsideringTimeout(MethodInvocationHelper.java:62)
at org.testng.internal.ConfigInvoker.invokeConfigurationMethod(ConfigInvoker.java:385)
at org.testng.internal.ConfigInvoker.invokeConfigurations(ConfigInvoker.java:321)
at org.testng.TestRunner.invokeTestConfigurations(TestRunner.java:637)
at org.testng.TestRunner.beforeRun(TestRunner.java:627)
at org.testng.TestRunner.run(TestRunner.java:589)
at org.testng.SuiteRunner.runTest(SuiteRunner.java:377)
at org.testng.SuiteRunner.runSequentially(SuiteRunner.java:371)
at org.testng.SuiteRunner.privateRun(SuiteRunner.java:332)
at org.testng.SuiteRunner.run(SuiteRunner.java:276)
at org.testng.SuiteRunnerWorker.runSuite(SuiteRunnerWorker.java:53)
at org.testng.SuiteRunnerWorker.run(SuiteRunnerWorker.java:96)
at org.testng.TestNG.runSuitesSequentially(TestNG.java:1212)
at org.testng.TestNG.runSuitesLocally(TestNG.java:1134)
at org.testng.TestNG.runSuites(TestNG.java:1063)
at org.testng.TestNG.run(TestNG.java:1031)
at org.testng.remote.AbstractRemoteTestNG.run(AbstractRemoteTestNG.java:115)
at org.testng.remote.RemoteTestNG.initAndRun(RemoteTestNG.java:251)
at org.testng.remote.RemoteTestNG.main(RemoteTestNG.java:77)
]]>
            </full-stacktrace>
          </exception> <!-- java.lang.IllegalArgumentException -->
          <reporter-output>
          </reporter-output>
        </test-method> <!-- getvarifytextboxdata -->
        <test-method is-config="true" signature="resultanalysis(org.testng.ITestResult)[pri:0, instance:test.Testingbaba_TextBoxTest@16ec5519]" started-at="2022-01-08T18:28:58 IST" name="resultanalysis" finished-at="1970-01-01T05:30:00 IST" duration-ms="-1641646738505" status="SKIP">
          <reporter-output>
          </reporter-output>
        </test-method> <!-- resultanalysis -->
        <test-method is-config="true" signature="teardown()[pri:0, instance:test.Testingbaba_TextBoxTest@16ec5519]" started-at="2022-01-08T18:28:58 IST" name="teardown" finished-at="1970-01-01T05:30:00 IST" duration-ms="-1641646738511" status="SKIP">
          <reporter-output>
          </reporter-output>
        </test-method> <!-- teardown -->
      </class> <!-- test.Testingbaba_TextBoxTest -->
    </test> <!-- Textbox -->
    <test started-at="2022-01-08T18:28:58 IST" name="Checkbox" finished-at="2022-01-08T18:29:17 IST" duration-ms="19434">
      <class name="test.Testingbaba_CheckboxTest">
        <test-method is-config="true" signature="getlaunch_testingbabaUrl()[pri:0, instance:test.Testingbaba_CheckboxTest@1afd44cb]" started-at="2022-01-08T18:28:58 IST" name="getlaunch_testingbabaUrl" finished-at="2022-01-08T18:29:09 IST" duration-ms="10675" status="PASS">
          <reporter-output>
          </reporter-output>
        </test-method> <!-- getlaunch_testingbabaUrl -->
        <test-method signature="clickonElements()[pri:0, instance:test.Testingbaba_CheckboxTest@1afd44cb]" started-at="2022-01-08T18:29:09 IST" name="clickonElements" finished-at="2022-01-08T18:29:09 IST" duration-ms="93" status="PASS">
          <reporter-output>
          </reporter-output>
        </test-method> <!-- clickonElements -->
        <test-method is-config="true" signature="resultanalysis(org.testng.ITestResult)[pri:0, instance:test.Testingbaba_CheckboxTest@1afd44cb]" started-at="2022-01-08T18:29:09 IST" name="resultanalysis" finished-at="2022-01-08T18:29:09 IST" duration-ms="238" status="PASS">
          <params>
            <param index="0">
              <value>
                <![CDATA[[TestResult name=clickonElements status=SUCCESS method=Testingbaba_CheckboxTest.clickonElements()[pri:0, instance:test.Testingbaba_CheckboxTest@1afd44cb] output={null}]]]>
              </value>
            </param>
          </params>
          <reporter-output>
          </reporter-output>
        </test-method> <!-- resultanalysis -->
        <test-method signature="clickoncheckbox()[pri:1, instance:test.Testingbaba_CheckboxTest@1afd44cb]" started-at="2022-01-08T18:29:09 IST" name="clickoncheckbox" finished-at="2022-01-08T18:29:12 IST" duration-ms="2838" status="PASS">
          <reporter-output>
          </reporter-output>
        </test-method> <!-- clickoncheckbox -->
        <test-method is-config="true" signature="resultanalysis(org.testng.ITestResult)[pri:0, instance:test.Testingbaba_CheckboxTest@1afd44cb]" started-at="2022-01-08T18:29:12 IST" name="resultanalysis" finished-at="2022-01-08T18:29:12 IST" duration-ms="228" status="PASS">
          <params>
            <param index="0">
              <value>
                <![CDATA[[TestResult name=clickoncheckbox status=SUCCESS method=Testingbaba_CheckboxTest.clickoncheckbox()[pri:1, instance:test.Testingbaba_CheckboxTest@1afd44cb] output={null}]]]>
              </value>
            </param>
          </params>
          <reporter-output>
          </reporter-output>
        </test-method> <!-- resultanalysis -->
        <test-method signature="clickonselectedcheckbox()[pri:2, instance:test.Testingbaba_CheckboxTest@1afd44cb]" started-at="2022-01-08T18:29:12 IST" name="clickonselectedcheckbox" finished-at="2022-01-08T18:29:14 IST" duration-ms="2301" status="PASS">
          <reporter-output>
          </reporter-output>
        </test-method> <!-- clickonselectedcheckbox -->
        <test-method is-config="true" signature="resultanalysis(org.testng.ITestResult)[pri:0, instance:test.Testingbaba_CheckboxTest@1afd44cb]" started-at="2022-01-08T18:29:14 IST" name="resultanalysis" finished-at="2022-01-08T18:29:15 IST" duration-ms="178" status="PASS">
          <params>
            <param index="0">
              <value>
                <![CDATA[[TestResult name=clickonselectedcheckbox status=SUCCESS method=Testingbaba_CheckboxTest.clickonselectedcheckbox()[pri:2, instance:test.Testingbaba_CheckboxTest@1afd44cb] output={null}]]]>
              </value>
            </param>
          </params>
          <reporter-output>
          </reporter-output>
        </test-method> <!-- resultanalysis -->
        <test-method signature="readcheckboxdata()[pri:3, instance:test.Testingbaba_CheckboxTest@1afd44cb]" started-at="2022-01-08T18:29:15 IST" name="readcheckboxdata" finished-at="2022-01-08T18:29:15 IST" duration-ms="16" status="PASS">
          <reporter-output>
          </reporter-output>
        </test-method> <!-- readcheckboxdata -->
        <test-method is-config="true" signature="resultanalysis(org.testng.ITestResult)[pri:0, instance:test.Testingbaba_CheckboxTest@1afd44cb]" started-at="2022-01-08T18:29:15 IST" name="resultanalysis" finished-at="2022-01-08T18:29:15 IST" duration-ms="200" status="PASS">
          <params>
            <param index="0">
              <value>
                <![CDATA[[TestResult name=readcheckboxdata status=SUCCESS method=Testingbaba_CheckboxTest.readcheckboxdata()[pri:3, instance:test.Testingbaba_CheckboxTest@1afd44cb] output={null}]]]>
              </value>
            </param>
          </params>
          <reporter-output>
          </reporter-output>
        </test-method> <!-- resultanalysis -->
        <test-method signature="getverifiedcheckboxdata()[pri:4, instance:test.Testingbaba_CheckboxTest@1afd44cb]" started-at="2022-01-08T18:29:15 IST" name="getverifiedcheckboxdata" finished-at="2022-01-08T18:29:17 IST" duration-ms="2195" status="FAIL">
          <exception class="org.junit.ComparisonFailure">
            <message>
              <![CDATA[expected:<[]> but was:<[You are selected Mobile]>]]>
            </message>
            <full-stacktrace>
              <![CDATA[org.junit.ComparisonFailure: expected:<[]> but was:<[You are selected Mobile]>
at org.junit.Assert.assertEquals(Assert.java:115)
at org.junit.Assert.assertEquals(Assert.java:144)
at pages.Testingbaba_Checkboxpage.getverifiedcheckboxdata(Testingbaba_Checkboxpage.java:88)
at test.Testingbaba_CheckboxTest.getverifiedcheckboxdata(Testingbaba_CheckboxTest.java:43)
at java.base/jdk.internal.reflect.NativeMethodAccessorImpl.invoke0(Native Method)
at java.base/jdk.internal.reflect.NativeMethodAccessorImpl.invoke(NativeMethodAccessorImpl.java:78)
at java.base/jdk.internal.reflect.DelegatingMethodAccessorImpl.invoke(DelegatingMethodAccessorImpl.java:43)
at java.base/java.lang.reflect.Method.invoke(Method.java:567)
at org.testng.internal.MethodInvocationHelper.invokeMethod(MethodInvocationHelper.java:133)
at org.testng.internal.TestInvoker.invokeMethod(TestInvoker.java:598)
at org.testng.internal.TestInvoker.invokeTestMethod(TestInvoker.java:173)
at org.testng.internal.MethodRunner.runInSequence(MethodRunner.java:46)
at org.testng.internal.TestInvoker$MethodInvocationAgent.invoke(TestInvoker.java:824)
at org.testng.internal.TestInvoker.invokeTestMethods(TestInvoker.java:146)
at org.testng.internal.TestMethodWorker.invokeTestMethods(TestMethodWorker.java:146)
at org.testng.internal.TestMethodWorker.run(TestMethodWorker.java:128)
at java.base/java.util.ArrayList.forEach(ArrayList.java:1511)
at org.testng.TestRunner.privateRun(TestRunner.java:794)
at org.testng.TestRunner.run(TestRunner.java:596)
at org.testng.SuiteRunner.runTest(SuiteRunner.java:377)
at org.testng.SuiteRunner.runSequentially(SuiteRunner.java:371)
at org.testng.SuiteRunner.privateRun(SuiteRunner.java:332)
at org.testng.SuiteRunner.run(SuiteRunner.java:276)
at org.testng.SuiteRunnerWorker.runSuite(SuiteRunnerWorker.java:53)
at org.testng.SuiteRunnerWorker.run(SuiteRunnerWorker.java:96)
at org.testng.TestNG.runSuitesSequentially(TestNG.java:1212)
at org.testng.TestNG.runSuitesLocally(TestNG.java:1134)
at org.testng.TestNG.runSuites(TestNG.java:1063)
at org.testng.TestNG.run(TestNG.java:1031)
at org.testng.remote.AbstractRemoteTestNG.run(AbstractRemoteTestNG.java:115)
at org.testng.remote.RemoteTestNG.initAndRun(RemoteTestNG.java:251)
at org.testng.remote.RemoteTestNG.main(RemoteTestNG.java:77)
]]>
            </full-stacktrace>
          </exception> <!-- org.junit.ComparisonFailure -->
          <reporter-output>
          </reporter-output>
        </test-method> <!-- getverifiedcheckboxdata -->
        <test-method is-config="true" signature="resultanalysis(org.testng.ITestResult)[pri:0, instance:test.Testingbaba_CheckboxTest@1afd44cb]" started-at="2022-01-08T18:29:17 IST" name="resultanalysis" finished-at="2022-01-08T18:29:17 IST" duration-ms="202" status="PASS">
          <params>
            <param index="0">
              <value>
                <![CDATA[[TestResult name=getverifiedcheckboxdata status=FAILURE method=Testingbaba_CheckboxTest.getverifiedcheckboxdata()[pri:4, instance:test.Testingbaba_CheckboxTest@1afd44cb] output={null}]]]>
              </value>
            </param>
          </params>
          <reporter-output>
          </reporter-output>
        </test-method> <!-- resultanalysis -->
        <test-method is-config="true" signature="teardown()[pri:0, instance:test.Testingbaba_CheckboxTest@1afd44cb]" started-at="2022-01-08T18:29:17 IST" name="teardown" finished-at="2022-01-08T18:29:17 IST" duration-ms="253" status="PASS">
          <reporter-output>
          </reporter-output>
        </test-method> <!-- teardown -->
      </class> <!-- test.Testingbaba_CheckboxTest -->
    </test> <!-- Checkbox -->
    <test started-at="2022-01-08T18:29:17 IST" name="Radiobutton" finished-at="2022-01-08T18:29:29 IST" duration-ms="11414">
      <class name="test.Testingbaba_RadiobuttonTest">
        <test-method is-config="true" signature="getlaunch_testingbabaUrl()[pri:0, instance:test.Testingbaba_RadiobuttonTest@6e171cd7]" started-at="2022-01-08T18:29:17 IST" name="getlaunch_testingbabaUrl" finished-at="2022-01-08T18:29:27 IST" duration-ms="9856" status="PASS">
          <reporter-output>
          </reporter-output>
        </test-method> <!-- getlaunch_testingbabaUrl -->
        <test-method signature="clickonElements()[pri:0, instance:test.Testingbaba_RadiobuttonTest@6e171cd7]" started-at="2022-01-08T18:29:27 IST" name="clickonElements" finished-at="2022-01-08T18:29:28 IST" duration-ms="159" status="PASS">
          <reporter-output>
          </reporter-output>
        </test-method> <!-- clickonElements -->
        <test-method is-config="true" signature="resultanalysis(org.testng.ITestResult)[pri:0, instance:test.Testingbaba_RadiobuttonTest@6e171cd7]" started-at="2022-01-08T18:29:28 IST" name="resultanalysis" finished-at="2022-01-08T18:29:28 IST" duration-ms="294" status="PASS">
          <params>
            <param index="0">
              <value>
                <![CDATA[[TestResult name=clickonElements status=SUCCESS method=Testingbaba_RadiobuttonTest.clickonElements()[pri:0, instance:test.Testingbaba_RadiobuttonTest@6e171cd7] output={null}]]]>
              </value>
            </param>
          </params>
          <reporter-output>
          </reporter-output>
        </test-method> <!-- resultanalysis -->
        <test-method signature="clickonradiobutton()[pri:1, instance:test.Testingbaba_RadiobuttonTest@6e171cd7]" started-at="2022-01-08T18:29:28 IST" name="clickonradiobutton" finished-at="2022-01-08T18:29:28 IST" duration-ms="111" status="PASS">
          <reporter-output>
          </reporter-output>
        </test-method> <!-- clickonradiobutton -->
        <test-method is-config="true" signature="resultanalysis(org.testng.ITestResult)[pri:0, instance:test.Testingbaba_RadiobuttonTest@6e171cd7]" started-at="2022-01-08T18:29:28 IST" name="resultanalysis" finished-at="2022-01-08T18:29:28 IST" duration-ms="258" status="PASS">
          <params>
            <param index="0">
              <value>
                <![CDATA[[TestResult name=clickonradiobutton status=SUCCESS method=Testingbaba_RadiobuttonTest.clickonradiobutton()[pri:1, instance:test.Testingbaba_RadiobuttonTest@6e171cd7] output={null}]]]>
              </value>
            </param>
          </params>
          <reporter-output>
          </reporter-output>
        </test-method> <!-- resultanalysis -->
        <test-method signature="clickonNobutton()[pri:2, instance:test.Testingbaba_RadiobuttonTest@6e171cd7]" started-at="2022-01-08T18:29:28 IST" name="clickonNobutton" finished-at="2022-01-08T18:29:28 IST" duration-ms="148" status="PASS">
          <reporter-output>
          </reporter-output>
        </test-method> <!-- clickonNobutton -->
        <test-method is-config="true" signature="resultanalysis(org.testng.ITestResult)[pri:0, instance:test.Testingbaba_RadiobuttonTest@6e171cd7]" started-at="2022-01-08T18:29:28 IST" name="resultanalysis" finished-at="2022-01-08T18:29:29 IST" duration-ms="214" status="PASS">
          <params>
            <param index="0">
              <value>
                <![CDATA[[TestResult name=clickonNobutton status=SUCCESS method=Testingbaba_RadiobuttonTest.clickonNobutton()[pri:2, instance:test.Testingbaba_RadiobuttonTest@6e171cd7] output={null}]]]>
              </value>
            </param>
          </params>
          <reporter-output>
          </reporter-output>
        </test-method> <!-- resultanalysis -->
        <test-method is-config="true" signature="teardown()[pri:0, instance:test.Testingbaba_RadiobuttonTest@6e171cd7]" started-at="2022-01-08T18:29:29 IST" name="teardown" finished-at="2022-01-08T18:29:29 IST" duration-ms="365" status="PASS">
          <reporter-output>
          </reporter-output>
        </test-method> <!-- teardown -->
      </class> <!-- test.Testingbaba_RadiobuttonTest -->
    </test> <!-- Radiobutton -->
    <test started-at="2022-01-08T18:29:29 IST" name="WebTable" finished-at="2022-01-08T18:30:02 IST" duration-ms="33175">
      <class name="test.Testingbaba_WebtableTest">
        <test-method is-config="true" signature="getlaunch_testingbabaUrl()[pri:0, instance:test.Testingbaba_WebtableTest@441772e]" started-at="2022-01-08T18:29:29 IST" name="getlaunch_testingbabaUrl" finished-at="2022-01-08T18:29:39 IST" duration-ms="10091" status="PASS">
          <reporter-output>
          </reporter-output>
        </test-method> <!-- getlaunch_testingbabaUrl -->
        <test-method signature="clickonElements()[pri:0, instance:test.Testingbaba_WebtableTest@441772e]" started-at="2022-01-08T18:29:39 IST" name="clickonElements" finished-at="2022-01-08T18:29:39 IST" duration-ms="169" status="PASS">
          <reporter-output>
          </reporter-output>
        </test-method> <!-- clickonElements -->
        <test-method is-config="true" signature="resultanalysis(org.testng.ITestResult)[pri:0, instance:test.Testingbaba_WebtableTest@441772e]" started-at="2022-01-08T18:29:39 IST" name="resultanalysis" finished-at="2022-01-08T18:29:39 IST" duration-ms="274" status="PASS">
          <params>
            <param index="0">
              <value>
                <![CDATA[[TestResult name=clickonElements status=SUCCESS method=Testingbaba_WebtableTest.clickonElements()[pri:0, instance:test.Testingbaba_WebtableTest@441772e] output={null}]]]>
              </value>
            </param>
          </params>
          <reporter-output>
          </reporter-output>
        </test-method> <!-- resultanalysis -->
        <test-method signature="clickonwebtable()[pri:1, instance:test.Testingbaba_WebtableTest@441772e]" started-at="2022-01-08T18:29:39 IST" name="clickonwebtable" finished-at="2022-01-08T18:29:40 IST" duration-ms="104" status="PASS">
          <reporter-output>
          </reporter-output>
        </test-method> <!-- clickonwebtable -->
        <test-method is-config="true" signature="resultanalysis(org.testng.ITestResult)[pri:0, instance:test.Testingbaba_WebtableTest@441772e]" started-at="2022-01-08T18:29:40 IST" name="resultanalysis" finished-at="2022-01-08T18:29:40 IST" duration-ms="361" status="PASS">
          <params>
            <param index="0">
              <value>
                <![CDATA[[TestResult name=clickonwebtable status=SUCCESS method=Testingbaba_WebtableTest.clickonwebtable()[pri:1, instance:test.Testingbaba_WebtableTest@441772e] output={null}]]]>
              </value>
            </param>
          </params>
          <reporter-output>
          </reporter-output>
        </test-method> <!-- resultanalysis -->
        <test-method signature="filldetails()[pri:2, instance:test.Testingbaba_WebtableTest@441772e]" started-at="2022-01-08T18:29:40 IST" name="filldetails" finished-at="2022-01-08T18:29:41 IST" duration-ms="1145" status="PASS">
          <reporter-output>
          </reporter-output>
        </test-method> <!-- filldetails -->
        <test-method is-config="true" signature="resultanalysis(org.testng.ITestResult)[pri:0, instance:test.Testingbaba_WebtableTest@441772e]" started-at="2022-01-08T18:29:41 IST" name="resultanalysis" finished-at="2022-01-08T18:29:41 IST" duration-ms="422" status="PASS">
          <params>
            <param index="0">
              <value>
                <![CDATA[[TestResult name=filldetails status=SUCCESS method=Testingbaba_WebtableTest.filldetails()[pri:2, instance:test.Testingbaba_WebtableTest@441772e] output={null}]]]>
              </value>
            </param>
          </params>
          <reporter-output>
          </reporter-output>
        </test-method> <!-- resultanalysis -->
        <test-method signature="updatedetails()[pri:4, instance:test.Testingbaba_WebtableTest@441772e]" started-at="2022-01-08T18:29:41 IST" name="updatedetails" finished-at="2022-01-08T18:30:02 IST" duration-ms="20120" status="FAIL">
          <exception class="org.openqa.selenium.NoSuchElementException">
            <message>
              <![CDATA[no such element: Unable to locate element: {"method":"xpath","selector":"//*[@name="edit_name"]"}
  (Session info: chrome=96.0.4664.110)
For documentation on this error, please visit: https://www.seleniumhq.org/exceptions/no_such_element.html
Build info: version: '3.141.59', revision: 'e82be7d358', time: '2018-11-14T08:25:48'
System info: host: 'DESKTOP-8IRBSSS', ip: '192.168.212.142', os.name: 'Windows 10', os.arch: 'amd64', os.version: '10.0', java.version: '16.0.2'
Driver info: org.openqa.selenium.chrome.ChromeDriver
Capabilities {acceptInsecureCerts: false, browserName: chrome, browserVersion: 96.0.4664.110, chrome: {chromedriverVersion: 96.0.4664.35 (8df3babf8da8f..., userDataDir: C:\Users\yogesh\AppData\Loc...}, goog:chromeOptions: {debuggerAddress: localhost:56439}, javascriptEnabled: true, networkConnectionEnabled: false, pageLoadStrategy: normal, platform: WINDOWS, platformName: WINDOWS, proxy: Proxy(), setWindowRect: true, strictFileInteractability: false, timeouts: {implicit: 0, pageLoad: 300000, script: 30000}, unhandledPromptBehavior: dismiss and notify, webauthn:extension:credBlob: true, webauthn:extension:largeBlob: true, webauthn:virtualAuthenticators: true}
Session ID: d8e02a70cef119d82396571afd2fc5ba
*** Element info: {Using=xpath, value=//*[@name="edit_name"]}]]>
            </message>
            <full-stacktrace>
              <![CDATA[org.openqa.selenium.NoSuchElementException: no such element: Unable to locate element: {"method":"xpath","selector":"//*[@name="edit_name"]"}
  (Session info: chrome=96.0.4664.110)
For documentation on this error, please visit: https://www.seleniumhq.org/exceptions/no_such_element.html
Build info: version: '3.141.59', revision: 'e82be7d358', time: '2018-11-14T08:25:48'
System info: host: 'DESKTOP-8IRBSSS', ip: '192.168.212.142', os.name: 'Windows 10', os.arch: 'amd64', os.version: '10.0', java.version: '16.0.2'
Driver info: org.openqa.selenium.chrome.ChromeDriver
Capabilities {acceptInsecureCerts: false, browserName: chrome, browserVersion: 96.0.4664.110, chrome: {chromedriverVersion: 96.0.4664.35 (8df3babf8da8f..., userDataDir: C:\Users\yogesh\AppData\Loc...}, goog:chromeOptions: {debuggerAddress: localhost:56439}, javascriptEnabled: true, networkConnectionEnabled: false, pageLoadStrategy: normal, platform: WINDOWS, platformName: WINDOWS, proxy: Proxy(), setWindowRect: true, strictFileInteractability: false, timeouts: {implicit: 0, pageLoad: 300000, script: 30000}, unhandledPromptBehavior: dismiss and notify, webauthn:extension:credBlob: true, webauthn:extension:largeBlob: true, webauthn:virtualAuthenticators: true}
Session ID: d8e02a70cef119d82396571afd2fc5ba
*** Element info: {Using=xpath, value=//*[@name="edit_name"]}
at java.base/jdk.internal.reflect.NativeConstructorAccessorImpl.newInstance0(Native Method)
at java.base/jdk.internal.reflect.NativeConstructorAccessorImpl.newInstance(NativeConstructorAccessorImpl.java:78)
at java.base/jdk.internal.reflect.DelegatingConstructorAccessorImpl.newInstance(DelegatingConstructorAccessorImpl.java:45)
at java.base/java.lang.reflect.Constructor.newInstanceWithCaller(Constructor.java:499)
at java.base/java.lang.reflect.Constructor.newInstance(Constructor.java:480)
at org.openqa.selenium.remote.http.W3CHttpResponseCodec.createException(W3CHttpResponseCodec.java:187)
at org.openqa.selenium.remote.http.W3CHttpResponseCodec.decode(W3CHttpResponseCodec.java:122)
at org.openqa.selenium.remote.http.W3CHttpResponseCodec.decode(W3CHttpResponseCodec.java:49)
at org.openqa.selenium.remote.HttpCommandExecutor.execute(HttpCommandExecutor.java:158)
at org.openqa.selenium.remote.service.DriverCommandExecutor.execute(DriverCommandExecutor.java:83)
at org.openqa.selenium.remote.RemoteWebDriver.execute(RemoteWebDriver.java:552)
at org.openqa.selenium.remote.RemoteWebDriver.findElement(RemoteWebDriver.java:323)
at org.openqa.selenium.remote.RemoteWebDriver.findElementByXPath(RemoteWebDriver.java:428)
at org.openqa.selenium.By$ByXPath.findElement(By.java:353)
at org.openqa.selenium.remote.RemoteWebDriver.findElement(RemoteWebDriver.java:315)
at org.openqa.selenium.support.pagefactory.DefaultElementLocator.findElement(DefaultElementLocator.java:69)
at org.openqa.selenium.support.pagefactory.internal.LocatingElementHandler.invoke(LocatingElementHandler.java:38)
at jdk.proxy2/jdk.proxy2.$Proxy13.clear(Unknown Source)
at pages.Testingbaba_Webtablepage.Updatenamedetails(Testingbaba_Webtablepage.java:82)
at test.Testingbaba_WebtableTest.updatedetails(Testingbaba_WebtableTest.java:39)
at java.base/jdk.internal.reflect.NativeMethodAccessorImpl.invoke0(Native Method)
at java.base/jdk.internal.reflect.NativeMethodAccessorImpl.invoke(NativeMethodAccessorImpl.java:78)
at java.base/jdk.internal.reflect.DelegatingMethodAccessorImpl.invoke(DelegatingMethodAccessorImpl.java:43)
at java.base/java.lang.reflect.Method.invoke(Method.java:567)
at org.testng.internal.MethodInvocationHelper.invokeMethod(MethodInvocationHelper.java:133)
at org.testng.internal.TestInvoker.invokeMethod(TestInvoker.java:598)
at org.testng.internal.TestInvoker.invokeTestMethod(TestInvoker.java:173)
at org.testng.internal.MethodRunner.runInSequence(MethodRunner.java:46)
at org.testng.internal.TestInvoker$MethodInvocationAgent.invoke(TestInvoker.java:824)
at org.testng.internal.TestInvoker.invokeTestMethods(TestInvoker.java:146)
at org.testng.internal.TestMethodWorker.invokeTestMethods(TestMethodWorker.java:146)
at org.testng.internal.TestMethodWorker.run(TestMethodWorker.java:128)
at java.base/java.util.ArrayList.forEach(ArrayList.java:1511)
at org.testng.TestRunner.privateRun(TestRunner.java:794)
at org.testng.TestRunner.run(TestRunner.java:596)
at org.testng.SuiteRunner.runTest(SuiteRunner.java:377)
at org.testng.SuiteRunner.runSequentially(SuiteRunner.java:371)
at org.testng.SuiteRunner.privateRun(SuiteRunner.java:332)
at org.testng.SuiteRunner.run(SuiteRunner.java:276)
at org.testng.SuiteRunnerWorker.runSuite(SuiteRunnerWorker.java:53)
at org.testng.SuiteRunnerWorker.run(SuiteRunnerWorker.java:96)
at org.testng.TestNG.runSuitesSequentially(TestNG.java:1212)
at org.testng.TestNG.runSuitesLocally(TestNG.java:1134)
at org.testng.TestNG.runSuites(TestNG.java:1063)
at org.testng.TestNG.run(TestNG.java:1031)
at org.testng.remote.AbstractRemoteTestNG.run(AbstractRemoteTestNG.java:115)
at org.testng.remote.RemoteTestNG.initAndRun(RemoteTestNG.java:251)
at org.testng.remote.RemoteTestNG.main(RemoteTestNG.java:77)
]]>
            </full-stacktrace>
          </exception> <!-- org.openqa.selenium.NoSuchElementException -->
          <reporter-output>
          </reporter-output>
        </test-method> <!-- updatedetails -->
        <test-method is-config="true" signature="resultanalysis(org.testng.ITestResult)[pri:0, instance:test.Testingbaba_WebtableTest@441772e]" started-at="2022-01-08T18:30:02 IST" name="resultanalysis" finished-at="2022-01-08T18:30:02 IST" duration-ms="206" status="PASS">
          <params>
            <param index="0">
              <value>
                <![CDATA[[TestResult name=updatedetails status=FAILURE method=Testingbaba_WebtableTest.updatedetails()[pri:4, instance:test.Testingbaba_WebtableTest@441772e] output={null}]]]>
              </value>
            </param>
          </params>
          <reporter-output>
          </reporter-output>
        </test-method> <!-- resultanalysis -->
        <test-method is-config="true" signature="teardown()[pri:0, instance:test.Testingbaba_WebtableTest@441772e]" started-at="2022-01-08T18:30:02 IST" name="teardown" finished-at="2022-01-08T18:30:02 IST" duration-ms="268" status="PASS">
          <reporter-output>
          </reporter-output>
        </test-method> <!-- teardown -->
      </class> <!-- test.Testingbaba_WebtableTest -->
    </test> <!-- WebTable -->
    <test started-at="2022-01-08T18:30:02 IST" name="Buttons" finished-at="2022-01-08T18:30:19 IST" duration-ms="16418">
      <class name="test.Testingbaba_ButtonTest">
        <test-method is-config="true" signature="getlaunch_testingbabaUrl()[pri:0, instance:test.Testingbaba_ButtonTest@5fdcaa40]" started-at="2022-01-08T18:30:02 IST" name="getlaunch_testingbabaUrl" finished-at="2022-01-08T18:30:15 IST" duration-ms="13062" status="PASS">
          <reporter-output>
          </reporter-output>
        </test-method> <!-- getlaunch_testingbabaUrl -->
        <test-method signature="clickonElements()[pri:0, instance:test.Testingbaba_ButtonTest@5fdcaa40]" started-at="2022-01-08T18:30:15 IST" name="clickonElements" finished-at="2022-01-08T18:30:15 IST" duration-ms="215" status="PASS">
          <reporter-output>
          </reporter-output>
        </test-method> <!-- clickonElements -->
        <test-method is-config="true" signature="resultanalysis(org.testng.ITestResult)[pri:0, instance:test.Testingbaba_ButtonTest@5fdcaa40]" started-at="2022-01-08T18:30:15 IST" name="resultanalysis" finished-at="2022-01-08T18:30:16 IST" duration-ms="282" status="PASS">
          <params>
            <param index="0">
              <value>
                <![CDATA[[TestResult name=clickonElements status=SUCCESS method=Testingbaba_ButtonTest.clickonElements()[pri:0, instance:test.Testingbaba_ButtonTest@5fdcaa40] output={null}]]]>
              </value>
            </param>
          </params>
          <reporter-output>
          </reporter-output>
        </test-method> <!-- resultanalysis -->
        <test-method signature="clickonButtons()[pri:1, instance:test.Testingbaba_ButtonTest@5fdcaa40]" started-at="2022-01-08T18:30:16 IST" name="clickonButtons" finished-at="2022-01-08T18:30:16 IST" duration-ms="111" status="PASS">
          <reporter-output>
          </reporter-output>
        </test-method> <!-- clickonButtons -->
        <test-method is-config="true" signature="resultanalysis(org.testng.ITestResult)[pri:0, instance:test.Testingbaba_ButtonTest@5fdcaa40]" started-at="2022-01-08T18:30:16 IST" name="resultanalysis" finished-at="2022-01-08T18:30:16 IST" duration-ms="267" status="PASS">
          <params>
            <param index="0">
              <value>
                <![CDATA[[TestResult name=clickonButtons status=SUCCESS method=Testingbaba_ButtonTest.clickonButtons()[pri:1, instance:test.Testingbaba_ButtonTest@5fdcaa40] output={null}]]]>
              </value>
            </param>
          </params>
          <reporter-output>
          </reporter-output>
        </test-method> <!-- resultanalysis -->
        <test-method signature="performDoubleclick()[pri:2, instance:test.Testingbaba_ButtonTest@5fdcaa40]" started-at="2022-01-08T18:30:16 IST" name="performDoubleclick" finished-at="2022-01-08T18:30:16 IST" duration-ms="175" status="PASS">
          <reporter-output>
          </reporter-output>
        </test-method> <!-- performDoubleclick -->
        <test-method is-config="true" signature="resultanalysis(org.testng.ITestResult)[pri:0, instance:test.Testingbaba_ButtonTest@5fdcaa40]" started-at="2022-01-08T18:30:16 IST" name="resultanalysis" finished-at="2022-01-08T18:30:16 IST" duration-ms="246" status="PASS">
          <params>
            <param index="0">
              <value>
                <![CDATA[[TestResult name=performDoubleclick status=SUCCESS method=Testingbaba_ButtonTest.performDoubleclick()[pri:2, instance:test.Testingbaba_ButtonTest@5fdcaa40] output={null}]]]>
              </value>
            </param>
          </params>
          <reporter-output>
          </reporter-output>
        </test-method> <!-- resultanalysis -->
        <test-method signature="performRightclick()[pri:3, instance:test.Testingbaba_ButtonTest@5fdcaa40]" started-at="2022-01-08T18:30:16 IST" name="performRightclick" finished-at="2022-01-08T18:30:17 IST" duration-ms="217" status="PASS">
          <reporter-output>
          </reporter-output>
        </test-method> <!-- performRightclick -->
        <test-method is-config="true" signature="resultanalysis(org.testng.ITestResult)[pri:0, instance:test.Testingbaba_ButtonTest@5fdcaa40]" started-at="2022-01-08T18:30:17 IST" name="resultanalysis" finished-at="2022-01-08T18:30:17 IST" duration-ms="286" status="PASS">
          <params>
            <param index="0">
              <value>
                <![CDATA[[TestResult name=performRightclick status=SUCCESS method=Testingbaba_ButtonTest.performRightclick()[pri:3, instance:test.Testingbaba_ButtonTest@5fdcaa40] output={null}]]]>
              </value>
            </param>
          </params>
          <reporter-output>
          </reporter-output>
        </test-method> <!-- resultanalysis -->
        <test-method signature="clickonclick()[pri:4, instance:test.Testingbaba_ButtonTest@5fdcaa40]" started-at="2022-01-08T18:30:17 IST" name="clickonclick" finished-at="2022-01-08T18:30:17 IST" duration-ms="199" status="PASS">
          <reporter-output>
          </reporter-output>
        </test-method> <!-- clickonclick -->
        <test-method is-config="true" signature="resultanalysis(org.testng.ITestResult)[pri:0, instance:test.Testingbaba_ButtonTest@5fdcaa40]" started-at="2022-01-08T18:30:17 IST" name="resultanalysis" finished-at="2022-01-08T18:30:18 IST" duration-ms="342" status="PASS">
          <params>
            <param index="0">
              <value>
                <![CDATA[[TestResult name=clickonclick status=SUCCESS method=Testingbaba_ButtonTest.clickonclick()[pri:4, instance:test.Testingbaba_ButtonTest@5fdcaa40] output={null}]]]>
              </value>
            </param>
          </params>
          <reporter-output>
          </reporter-output>
        </test-method> <!-- resultanalysis -->
        <test-method signature="readbuttonboxdata()[pri:5, instance:test.Testingbaba_ButtonTest@5fdcaa40]" started-at="2022-01-08T18:30:18 IST" name="readbuttonboxdata" finished-at="2022-01-08T18:30:18 IST" duration-ms="19" status="PASS">
          <reporter-output>
          </reporter-output>
        </test-method> <!-- readbuttonboxdata -->
        <test-method is-config="true" signature="resultanalysis(org.testng.ITestResult)[pri:0, instance:test.Testingbaba_ButtonTest@5fdcaa40]" started-at="2022-01-08T18:30:18 IST" name="resultanalysis" finished-at="2022-01-08T18:30:18 IST" duration-ms="220" status="PASS">
          <params>
            <param index="0">
              <value>
                <![CDATA[[TestResult name=readbuttonboxdata status=SUCCESS method=Testingbaba_ButtonTest.readbuttonboxdata()[pri:5, instance:test.Testingbaba_ButtonTest@5fdcaa40] output={null}]]]>
              </value>
            </param>
          </params>
          <reporter-output>
          </reporter-output>
        </test-method> <!-- resultanalysis -->
        <test-method signature="getverifybuttondata()[pri:6, instance:test.Testingbaba_ButtonTest@5fdcaa40]" started-at="2022-01-08T18:30:18 IST" name="getverifybuttondata" finished-at="2022-01-08T18:30:18 IST" duration-ms="234" status="FAIL">
          <exception class="org.junit.ComparisonFailure">
            <message>
              <![CDATA[expected:<[]> but was:<[you have done a double click]>]]>
            </message>
            <full-stacktrace>
              <![CDATA[org.junit.ComparisonFailure: expected:<[]> but was:<[you have done a double click]>
at org.junit.Assert.assertEquals(Assert.java:115)
at org.junit.Assert.assertEquals(Assert.java:144)
at pages.Testingbaba_Buttonpage.getverifybuttondata(Testingbaba_Buttonpage.java:99)
at test.Testingbaba_ButtonTest.getverifybuttondata(Testingbaba_ButtonTest.java:55)
at java.base/jdk.internal.reflect.NativeMethodAccessorImpl.invoke0(Native Method)
at java.base/jdk.internal.reflect.NativeMethodAccessorImpl.invoke(NativeMethodAccessorImpl.java:78)
at java.base/jdk.internal.reflect.DelegatingMethodAccessorImpl.invoke(DelegatingMethodAccessorImpl.java:43)
at java.base/java.lang.reflect.Method.invoke(Method.java:567)
at org.testng.internal.MethodInvocationHelper.invokeMethod(MethodInvocationHelper.java:133)
at org.testng.internal.TestInvoker.invokeMethod(TestInvoker.java:598)
at org.testng.internal.TestInvoker.invokeTestMethod(TestInvoker.java:173)
at org.testng.internal.MethodRunner.runInSequence(MethodRunner.java:46)
at org.testng.internal.TestInvoker$MethodInvocationAgent.invoke(TestInvoker.java:824)
at org.testng.internal.TestInvoker.invokeTestMethods(TestInvoker.java:146)
at org.testng.internal.TestMethodWorker.invokeTestMethods(TestMethodWorker.java:146)
at org.testng.internal.TestMethodWorker.run(TestMethodWorker.java:128)
at java.base/java.util.ArrayList.forEach(ArrayList.java:1511)
at org.testng.TestRunner.privateRun(TestRunner.java:794)
at org.testng.TestRunner.run(TestRunner.java:596)
at org.testng.SuiteRunner.runTest(SuiteRunner.java:377)
at org.testng.SuiteRunner.runSequentially(SuiteRunner.java:371)
at org.testng.SuiteRunner.privateRun(SuiteRunner.java:332)
at org.testng.SuiteRunner.run(SuiteRunner.java:276)
at org.testng.SuiteRunnerWorker.runSuite(SuiteRunnerWorker.java:53)
at org.testng.SuiteRunnerWorker.run(SuiteRunnerWorker.java:96)
at org.testng.TestNG.runSuitesSequentially(TestNG.java:1212)
at org.testng.TestNG.runSuitesLocally(TestNG.java:1134)
at org.testng.TestNG.runSuites(TestNG.java:1063)
at org.testng.TestNG.run(TestNG.java:1031)
at org.testng.remote.AbstractRemoteTestNG.run(AbstractRemoteTestNG.java:115)
at org.testng.remote.RemoteTestNG.initAndRun(RemoteTestNG.java:251)
at org.testng.remote.RemoteTestNG.main(RemoteTestNG.java:77)
]]>
            </full-stacktrace>
          </exception> <!-- org.junit.ComparisonFailure -->
          <reporter-output>
          </reporter-output>
        </test-method> <!-- getverifybuttondata -->
        <test-method is-config="true" signature="resultanalysis(org.testng.ITestResult)[pri:0, instance:test.Testingbaba_ButtonTest@5fdcaa40]" started-at="2022-01-08T18:30:18 IST" name="resultanalysis" finished-at="2022-01-08T18:30:18 IST" duration-ms="217" status="PASS">
          <params>
            <param index="0">
              <value>
                <![CDATA[[TestResult name=getverifybuttondata status=FAILURE method=Testingbaba_ButtonTest.getverifybuttondata()[pri:6, instance:test.Testingbaba_ButtonTest@5fdcaa40] output={null}]]]>
              </value>
            </param>
          </params>
          <reporter-output>
          </reporter-output>
        </test-method> <!-- resultanalysis -->
        <test-method is-config="true" signature="teardown()[pri:0, instance:test.Testingbaba_ButtonTest@5fdcaa40]" started-at="2022-01-08T18:30:18 IST" name="teardown" finished-at="2022-01-08T18:30:19 IST" duration-ms="307" status="PASS">
          <reporter-output>
          </reporter-output>
        </test-method> <!-- teardown -->
      </class> <!-- test.Testingbaba_ButtonTest -->
    </test> <!-- Buttons -->
    <test started-at="2022-01-08T18:30:19 IST" name="Links" finished-at="2022-01-08T18:30:36 IST" duration-ms="17251">
      <class name="test.Testingbaba_linksTest">
        <test-method is-config="true" signature="getlaunch_testingbabaUrl()[pri:0, instance:test.Testingbaba_linksTest@158da8e]" started-at="2022-01-08T18:30:19 IST" name="getlaunch_testingbabaUrl" finished-at="2022-01-08T18:30:28 IST" duration-ms="9806" status="PASS">
          <reporter-output>
          </reporter-output>
        </test-method> <!-- getlaunch_testingbabaUrl -->
        <test-method signature="clickonElements()[pri:0, instance:test.Testingbaba_linksTest@158da8e]" started-at="2022-01-08T18:30:28 IST" name="clickonElements" finished-at="2022-01-08T18:30:29 IST" duration-ms="183" status="PASS">
          <reporter-output>
          </reporter-output>
        </test-method> <!-- clickonElements -->
        <test-method is-config="true" signature="resultanalysis(org.testng.ITestResult)[pri:0, instance:test.Testingbaba_linksTest@158da8e]" started-at="2022-01-08T18:30:29 IST" name="resultanalysis" finished-at="2022-01-08T18:30:29 IST" duration-ms="315" status="PASS">
          <params>
            <param index="0">
              <value>
                <![CDATA[[TestResult name=clickonElements status=SUCCESS method=Testingbaba_linksTest.clickonElements()[pri:0, instance:test.Testingbaba_linksTest@158da8e] output={null}]]]>
              </value>
            </param>
          </params>
          <reporter-output>
          </reporter-output>
        </test-method> <!-- resultanalysis -->
        <test-method signature="clickonLinks()[pri:1, instance:test.Testingbaba_linksTest@158da8e]" started-at="2022-01-08T18:30:29 IST" name="clickonLinks" finished-at="2022-01-08T18:30:29 IST" duration-ms="222" status="PASS">
          <reporter-output>
          </reporter-output>
        </test-method> <!-- clickonLinks -->
        <test-method is-config="true" signature="resultanalysis(org.testng.ITestResult)[pri:0, instance:test.Testingbaba_linksTest@158da8e]" started-at="2022-01-08T18:30:29 IST" name="resultanalysis" finished-at="2022-01-08T18:30:29 IST" duration-ms="282" status="PASS">
          <params>
            <param index="0">
              <value>
                <![CDATA[[TestResult name=clickonLinks status=SUCCESS method=Testingbaba_linksTest.clickonLinks()[pri:1, instance:test.Testingbaba_linksTest@158da8e] output={null}]]]>
              </value>
            </param>
          </params>
          <reporter-output>
          </reporter-output>
        </test-method> <!-- resultanalysis -->
        <test-method signature="clickonDemoPage()[pri:2, instance:test.Testingbaba_linksTest@158da8e]" started-at="2022-01-08T18:30:29 IST" name="clickonDemoPage" finished-at="2022-01-08T18:30:34 IST" duration-ms="4467" status="PASS">
          <reporter-output>
          </reporter-output>
        </test-method> <!-- clickonDemoPage -->
        <test-method is-config="true" signature="resultanalysis(org.testng.ITestResult)[pri:0, instance:test.Testingbaba_linksTest@158da8e]" started-at="2022-01-08T18:30:34 IST" name="resultanalysis" finished-at="2022-01-08T18:30:34 IST" duration-ms="246" status="PASS">
          <params>
            <param index="0">
              <value>
                <![CDATA[[TestResult name=clickonDemoPage status=SUCCESS method=Testingbaba_linksTest.clickonDemoPage()[pri:2, instance:test.Testingbaba_linksTest@158da8e] output={null}]]]>
              </value>
            </param>
          </params>
          <reporter-output>
          </reporter-output>
        </test-method> <!-- resultanalysis -->
        <test-method signature="clickonAPIcall()[pri:3, instance:test.Testingbaba_linksTest@158da8e]" started-at="2022-01-08T18:30:34 IST" name="clickonAPIcall" finished-at="2022-01-08T18:30:35 IST" duration-ms="1238" status="PASS">
          <reporter-output>
          </reporter-output>
        </test-method> <!-- clickonAPIcall -->
        <test-method is-config="true" signature="resultanalysis(org.testng.ITestResult)[pri:0, instance:test.Testingbaba_linksTest@158da8e]" started-at="2022-01-08T18:30:35 IST" name="resultanalysis" finished-at="2022-01-08T18:30:36 IST" duration-ms="237" status="PASS">
          <params>
            <param index="0">
              <value>
                <![CDATA[[TestResult name=clickonAPIcall status=SUCCESS method=Testingbaba_linksTest.clickonAPIcall()[pri:3, instance:test.Testingbaba_linksTest@158da8e] output={null}]]]>
              </value>
            </param>
          </params>
          <reporter-output>
          </reporter-output>
        </test-method> <!-- resultanalysis -->
        <test-method is-config="true" signature="teardown()[pri:0, instance:test.Testingbaba_linksTest@158da8e]" started-at="2022-01-08T18:30:36 IST" name="teardown" finished-at="2022-01-08T18:30:36 IST" duration-ms="244" status="PASS">
          <reporter-output>
          </reporter-output>
        </test-method> <!-- teardown -->
      </class> <!-- test.Testingbaba_linksTest -->
    </test> <!-- Links -->
    <test started-at="2022-01-08T18:30:36 IST" name="Uploadfile" finished-at="2022-01-08T18:30:52 IST" duration-ms="16215">
      <class name="test.Testingbaba_UploadfileTest">
        <test-method is-config="true" signature="getlaunch_testingbabaUrl()[pri:0, instance:test.Testingbaba_UploadfileTest@2e005c4b]" started-at="2022-01-08T18:30:36 IST" name="getlaunch_testingbabaUrl" finished-at="2022-01-08T18:30:44 IST" duration-ms="8274" status="PASS">
          <reporter-output>
          </reporter-output>
        </test-method> <!-- getlaunch_testingbabaUrl -->
        <test-method signature="clickonElements()[pri:0, instance:test.Testingbaba_UploadfileTest@2e005c4b]" started-at="2022-01-08T18:30:44 IST" name="clickonElements" finished-at="2022-01-08T18:30:44 IST" duration-ms="307" status="PASS">
          <reporter-output>
          </reporter-output>
        </test-method> <!-- clickonElements -->
        <test-method is-config="true" signature="resultanalysis(org.testng.ITestResult)[pri:0, instance:test.Testingbaba_UploadfileTest@2e005c4b]" started-at="2022-01-08T18:30:44 IST" name="resultanalysis" finished-at="2022-01-08T18:30:45 IST" duration-ms="247" status="PASS">
          <params>
            <param index="0">
              <value>
                <![CDATA[[TestResult name=clickonElements status=SUCCESS method=Testingbaba_UploadfileTest.clickonElements()[pri:0, instance:test.Testingbaba_UploadfileTest@2e005c4b] output={null}]]]>
              </value>
            </param>
          </params>
          <reporter-output>
          </reporter-output>
        </test-method> <!-- resultanalysis -->
        <test-method signature="clickonUploaddownload()[pri:1, instance:test.Testingbaba_UploadfileTest@2e005c4b]" started-at="2022-01-08T18:30:45 IST" name="clickonUploaddownload" finished-at="2022-01-08T18:30:45 IST" duration-ms="154" status="PASS">
          <reporter-output>
          </reporter-output>
        </test-method> <!-- clickonUploaddownload -->
        <test-method is-config="true" signature="resultanalysis(org.testng.ITestResult)[pri:0, instance:test.Testingbaba_UploadfileTest@2e005c4b]" started-at="2022-01-08T18:30:45 IST" name="resultanalysis" finished-at="2022-01-08T18:30:45 IST" duration-ms="262" status="PASS">
          <params>
            <param index="0">
              <value>
                <![CDATA[[TestResult name=clickonUploaddownload status=SUCCESS method=Testingbaba_UploadfileTest.clickonUploaddownload()[pri:1, instance:test.Testingbaba_UploadfileTest@2e005c4b] output={null}]]]>
              </value>
            </param>
          </params>
          <reporter-output>
          </reporter-output>
        </test-method> <!-- resultanalysis -->
        <test-method signature="clickonuploadfile()[pri:2, instance:test.Testingbaba_UploadfileTest@2e005c4b]" started-at="2022-01-08T18:30:45 IST" name="clickonuploadfile" finished-at="2022-01-08T18:30:50 IST" duration-ms="5163" status="PASS">
          <reporter-output>
          </reporter-output>
        </test-method> <!-- clickonuploadfile -->
        <test-method is-config="true" signature="resultanalysis(org.testng.ITestResult)[pri:0, instance:test.Testingbaba_UploadfileTest@2e005c4b]" started-at="2022-01-08T18:30:50 IST" name="resultanalysis" finished-at="2022-01-08T18:30:51 IST" duration-ms="572" status="PASS">
          <params>
            <param index="0">
              <value>
                <![CDATA[[TestResult name=clickonuploadfile status=SUCCESS method=Testingbaba_UploadfileTest.clickonuploadfile()[pri:2, instance:test.Testingbaba_UploadfileTest@2e005c4b] output={null}]]]>
              </value>
            </param>
          </params>
          <reporter-output>
          </reporter-output>
        </test-method> <!-- resultanalysis -->
        <test-method is-config="true" signature="teardown()[pri:0, instance:test.Testingbaba_UploadfileTest@2e005c4b]" started-at="2022-01-08T18:30:51 IST" name="teardown" finished-at="2022-01-08T18:30:52 IST" duration-ms="1227" status="PASS">
          <reporter-output>
          </reporter-output>
        </test-method> <!-- teardown -->
      </class> <!-- test.Testingbaba_UploadfileTest -->
    </test> <!-- Uploadfile -->
    <test started-at="2022-01-08T18:30:52 IST" name="Browser_Windows" finished-at="2022-01-08T18:31:10 IST" duration-ms="17997">
      <class name="test.Testingbaba_browserwindowTest">
        <test-method is-config="true" signature="getlaunch_testingbabaUrl()[pri:0, instance:test.Testingbaba_browserwindowTest@4466af20]" started-at="2022-01-08T18:30:52 IST" name="getlaunch_testingbabaUrl" finished-at="2022-01-08T18:31:01 IST" duration-ms="9265" status="PASS">
          <reporter-output>
          </reporter-output>
        </test-method> <!-- getlaunch_testingbabaUrl -->
        <test-method signature="clickonalartframewindowbtn()[pri:0, instance:test.Testingbaba_browserwindowTest@4466af20]" started-at="2022-01-08T18:31:01 IST" name="clickonalartframewindowbtn" finished-at="2022-01-08T18:31:02 IST" duration-ms="259" status="PASS">
          <reporter-output>
          </reporter-output>
        </test-method> <!-- clickonalartframewindowbtn -->
        <test-method is-config="true" signature="resultanalysis(org.testng.ITestResult)[pri:0, instance:test.Testingbaba_browserwindowTest@4466af20]" started-at="2022-01-08T18:31:02 IST" name="resultanalysis" finished-at="2022-01-08T18:31:02 IST" duration-ms="356" status="PASS">
          <params>
            <param index="0">
              <value>
                <![CDATA[[TestResult name=clickonalartframewindowbtn status=SUCCESS method=Testingbaba_browserwindowTest.clickonalartframewindowbtn()[pri:0, instance:test.Testingbaba_browserwindowTest@4466af20] output={null}]]]>
              </value>
            </param>
          </params>
          <reporter-output>
          </reporter-output>
        </test-method> <!-- resultanalysis -->
        <test-method signature="clickonbrowserwindowbtnbtn()[pri:1, instance:test.Testingbaba_browserwindowTest@4466af20]" started-at="2022-01-08T18:31:02 IST" name="clickonbrowserwindowbtnbtn" finished-at="2022-01-08T18:31:10 IST" duration-ms="7705" status="PASS">
          <reporter-output>
          </reporter-output>
        </test-method> <!-- clickonbrowserwindowbtnbtn -->
        <test-method is-config="true" signature="resultanalysis(org.testng.ITestResult)[pri:0, instance:test.Testingbaba_browserwindowTest@4466af20]" started-at="2022-01-08T18:31:10 IST" name="resultanalysis" finished-at="2022-01-08T18:31:10 IST" duration-ms="212" status="PASS">
          <params>
            <param index="0">
              <value>
                <![CDATA[[TestResult name=clickonbrowserwindowbtnbtn status=SUCCESS method=Testingbaba_browserwindowTest.clickonbrowserwindowbtnbtn()[pri:1, instance:test.Testingbaba_browserwindowTest@4466af20] output={null}]]]>
              </value>
            </param>
          </params>
          <reporter-output>
          </reporter-output>
        </test-method> <!-- resultanalysis -->
        <test-method is-config="true" signature="teardown()[pri:0, instance:test.Testingbaba_browserwindowTest@4466af20]" started-at="2022-01-08T18:31:10 IST" name="teardown" finished-at="2022-01-08T18:31:10 IST" duration-ms="196" status="PASS">
          <reporter-output>
          </reporter-output>
        </test-method> <!-- teardown -->
      </class> <!-- test.Testingbaba_browserwindowTest -->
    </test> <!-- Browser_Windows -->
    <test started-at="2022-01-08T18:31:10 IST" name="Alarts" finished-at="2022-01-08T18:31:30 IST" duration-ms="19767">
      <class name="test.Testingbaba_alartTest">
        <test-method is-config="true" signature="getlaunch_testingbabaUrl()[pri:0, instance:test.Testingbaba_alartTest@294425a7]" started-at="2022-01-08T18:31:10 IST" name="getlaunch_testingbabaUrl" finished-at="2022-01-08T18:31:21 IST" duration-ms="11361" status="PASS">
          <reporter-output>
          </reporter-output>
        </test-method> <!-- getlaunch_testingbabaUrl -->
        <test-method signature="clickonalartframewindowbtn()[pri:0, instance:test.Testingbaba_alartTest@294425a7]" started-at="2022-01-08T18:31:21 IST" name="clickonalartframewindowbtn" finished-at="2022-01-08T18:31:22 IST" duration-ms="164" status="PASS">
          <reporter-output>
          </reporter-output>
        </test-method> <!-- clickonalartframewindowbtn -->
        <test-method is-config="true" signature="resultanalysis(org.testng.ITestResult)[pri:0, instance:test.Testingbaba_alartTest@294425a7]" started-at="2022-01-08T18:31:22 IST" name="resultanalysis" finished-at="2022-01-08T18:31:22 IST" duration-ms="248" status="PASS">
          <params>
            <param index="0">
              <value>
                <![CDATA[[TestResult name=clickonalartframewindowbtn status=SUCCESS method=Testingbaba_alartTest.clickonalartframewindowbtn()[pri:0, instance:test.Testingbaba_alartTest@294425a7] output={null}]]]>
              </value>
            </param>
          </params>
          <reporter-output>
          </reporter-output>
        </test-method> <!-- resultanalysis -->
        <test-method signature="clickonalartbtn()[pri:1, instance:test.Testingbaba_alartTest@294425a7]" started-at="2022-01-08T18:31:22 IST" name="clickonalartbtn" finished-at="2022-01-08T18:31:22 IST" duration-ms="140" status="PASS">
          <reporter-output>
          </reporter-output>
        </test-method> <!-- clickonalartbtn -->
        <test-method is-config="true" signature="resultanalysis(org.testng.ITestResult)[pri:0, instance:test.Testingbaba_alartTest@294425a7]" started-at="2022-01-08T18:31:22 IST" name="resultanalysis" finished-at="2022-01-08T18:31:22 IST" duration-ms="257" status="PASS">
          <params>
            <param index="0">
              <value>
                <![CDATA[[TestResult name=clickonalartbtn status=SUCCESS method=Testingbaba_alartTest.clickonalartbtn()[pri:1, instance:test.Testingbaba_alartTest@294425a7] output={null}]]]>
              </value>
            </param>
          </params>
          <reporter-output>
          </reporter-output>
        </test-method> <!-- resultanalysis -->
        <test-method signature="clickonclickmebtn()[pri:2, instance:test.Testingbaba_alartTest@294425a7]" started-at="2022-01-08T18:31:22 IST" name="clickonclickmebtn" finished-at="2022-01-08T18:31:22 IST" duration-ms="161" status="PASS">
          <reporter-output>
          </reporter-output>
        </test-method> <!-- clickonclickmebtn -->
        <test-method is-config="true" signature="resultanalysis(org.testng.ITestResult)[pri:0, instance:test.Testingbaba_alartTest@294425a7]" started-at="2022-01-08T18:31:22 IST" name="resultanalysis" finished-at="2022-01-08T18:31:23 IST" duration-ms="263" status="PASS">
          <params>
            <param index="0">
              <value>
                <![CDATA[[TestResult name=clickonclickmebtn status=SUCCESS method=Testingbaba_alartTest.clickonclickmebtn()[pri:2, instance:test.Testingbaba_alartTest@294425a7] output={null}]]]>
              </value>
            </param>
          </params>
          <reporter-output>
          </reporter-output>
        </test-method> <!-- resultanalysis -->
        <test-method signature="clickonclickmebtn2()[pri:3, instance:test.Testingbaba_alartTest@294425a7]" started-at="2022-01-08T18:31:23 IST" name="clickonclickmebtn2" finished-at="2022-01-08T18:31:28 IST" duration-ms="5380" status="PASS">
          <reporter-output>
          </reporter-output>
        </test-method> <!-- clickonclickmebtn2 -->
        <test-method is-config="true" signature="resultanalysis(org.testng.ITestResult)[pri:0, instance:test.Testingbaba_alartTest@294425a7]" started-at="2022-01-08T18:31:28 IST" name="resultanalysis" finished-at="2022-01-08T18:31:28 IST" duration-ms="178" status="PASS">
          <params>
            <param index="0">
              <value>
                <![CDATA[[TestResult name=clickonclickmebtn2 status=SUCCESS method=Testingbaba_alartTest.clickonclickmebtn2()[pri:3, instance:test.Testingbaba_alartTest@294425a7] output={null}]]]>
              </value>
            </param>
          </params>
          <reporter-output>
          </reporter-output>
        </test-method> <!-- resultanalysis -->
        <test-method signature="clickonclickmebtn3()[pri:4, instance:test.Testingbaba_alartTest@294425a7]" started-at="2022-01-08T18:31:28 IST" name="clickonclickmebtn3" finished-at="2022-01-08T18:31:28 IST" duration-ms="108" status="PASS">
          <reporter-output>
          </reporter-output>
        </test-method> <!-- clickonclickmebtn3 -->
        <test-method is-config="true" signature="resultanalysis(org.testng.ITestResult)[pri:0, instance:test.Testingbaba_alartTest@294425a7]" started-at="2022-01-08T18:31:28 IST" name="resultanalysis" finished-at="2022-01-08T18:31:28 IST" duration-ms="211" status="PASS">
          <params>
            <param index="0">
              <value>
                <![CDATA[[TestResult name=clickonclickmebtn3 status=SUCCESS method=Testingbaba_alartTest.clickonclickmebtn3()[pri:4, instance:test.Testingbaba_alartTest@294425a7] output={null}]]]>
              </value>
            </param>
          </params>
          <reporter-output>
          </reporter-output>
        </test-method> <!-- resultanalysis -->
        <test-method signature="clickonclickmebtn4()[pri:5, instance:test.Testingbaba_alartTest@294425a7]" started-at="2022-01-08T18:31:28 IST" name="clickonclickmebtn4" finished-at="2022-01-08T18:31:29 IST" duration-ms="127" status="PASS">
          <reporter-output>
          </reporter-output>
        </test-method> <!-- clickonclickmebtn4 -->
        <test-method is-config="true" signature="resultanalysis(org.testng.ITestResult)[pri:0, instance:test.Testingbaba_alartTest@294425a7]" started-at="2022-01-08T18:31:29 IST" name="resultanalysis" finished-at="2022-01-08T18:31:29 IST" duration-ms="225" status="PASS">
          <params>
            <param index="0">
              <value>
                <![CDATA[[TestResult name=clickonclickmebtn4 status=SUCCESS method=Testingbaba_alartTest.clickonclickmebtn4()[pri:5, instance:test.Testingbaba_alartTest@294425a7] output={null}]]]>
              </value>
            </param>
          </params>
          <reporter-output>
          </reporter-output>
        </test-method> <!-- resultanalysis -->
        <test-method is-config="true" signature="teardown()[pri:0, instance:test.Testingbaba_alartTest@294425a7]" started-at="2022-01-08T18:31:29 IST" name="teardown" finished-at="2022-01-08T18:31:30 IST" duration-ms="937" status="PASS">
          <reporter-output>
          </reporter-output>
        </test-method> <!-- teardown -->
      </class> <!-- test.Testingbaba_alartTest -->
    </test> <!-- Alarts -->
    <test started-at="2022-01-08T18:31:30 IST" name="Frame" finished-at="2022-01-08T18:31:46 IST" duration-ms="16287">
      <class name="test.Testingbaba_FrameTest">
        <test-method is-config="true" signature="getlaunch_testingbabaUrl()[pri:0, instance:test.Testingbaba_FrameTest@6572421]" started-at="2022-01-08T18:31:30 IST" name="getlaunch_testingbabaUrl" finished-at="2022-01-08T18:31:44 IST" duration-ms="13853" status="PASS">
          <reporter-output>
          </reporter-output>
        </test-method> <!-- getlaunch_testingbabaUrl -->
        <test-method signature="clickonalartframewindowbtn()[pri:0, instance:test.Testingbaba_FrameTest@6572421]" started-at="2022-01-08T18:31:44 IST" name="clickonalartframewindowbtn" finished-at="2022-01-08T18:31:44 IST" duration-ms="263" status="PASS">
          <reporter-output>
          </reporter-output>
        </test-method> <!-- clickonalartframewindowbtn -->
        <test-method is-config="true" signature="resultanalysis(org.testng.ITestResult)[pri:0, instance:test.Testingbaba_FrameTest@6572421]" started-at="2022-01-08T18:31:44 IST" name="resultanalysis" finished-at="2022-01-08T18:31:44 IST" duration-ms="277" status="PASS">
          <params>
            <param index="0">
              <value>
                <![CDATA[[TestResult name=clickonalartframewindowbtn status=SUCCESS method=Testingbaba_FrameTest.clickonalartframewindowbtn()[pri:0, instance:test.Testingbaba_FrameTest@6572421] output={null}]]]>
              </value>
            </param>
          </params>
          <reporter-output>
          </reporter-output>
        </test-method> <!-- resultanalysis -->
        <test-method signature="clickonframebtn()[pri:1, instance:test.Testingbaba_FrameTest@6572421]" started-at="2022-01-08T18:31:44 IST" name="clickonframebtn" finished-at="2022-01-08T18:31:44 IST" duration-ms="177" status="PASS">
          <reporter-output>
          </reporter-output>
        </test-method> <!-- clickonframebtn -->
        <test-method is-config="true" signature="resultanalysis(org.testng.ITestResult)[pri:0, instance:test.Testingbaba_FrameTest@6572421]" started-at="2022-01-08T18:31:44 IST" name="resultanalysis" finished-at="2022-01-08T18:31:45 IST" duration-ms="473" status="PASS">
          <params>
            <param index="0">
              <value>
                <![CDATA[[TestResult name=clickonframebtn status=SUCCESS method=Testingbaba_FrameTest.clickonframebtn()[pri:1, instance:test.Testingbaba_FrameTest@6572421] output={null}]]]>
              </value>
            </param>
          </params>
          <reporter-output>
          </reporter-output>
        </test-method> <!-- resultanalysis -->
        <test-method signature="longframe()[pri:2, instance:test.Testingbaba_FrameTest@6572421]" started-at="2022-01-08T18:31:45 IST" name="longframe" finished-at="2022-01-08T18:31:45 IST" duration-ms="155" status="PASS">
          <reporter-output>
          </reporter-output>
        </test-method> <!-- longframe -->
        <test-method is-config="true" signature="resultanalysis(org.testng.ITestResult)[pri:0, instance:test.Testingbaba_FrameTest@6572421]" started-at="2022-01-08T18:31:45 IST" name="resultanalysis" finished-at="2022-01-08T18:31:45 IST" duration-ms="172" status="PASS">
          <params>
            <param index="0">
              <value>
                <![CDATA[[TestResult name=longframe status=SUCCESS method=Testingbaba_FrameTest.longframe()[pri:2, instance:test.Testingbaba_FrameTest@6572421] output={null}]]]>
              </value>
            </param>
          </params>
          <reporter-output>
          </reporter-output>
        </test-method> <!-- resultanalysis -->
        <test-method signature="samllframe()[pri:3, instance:test.Testingbaba_FrameTest@6572421]" started-at="2022-01-08T18:31:45 IST" name="samllframe" finished-at="2022-01-08T18:31:45 IST" duration-ms="189" status="PASS">
          <reporter-output>
          </reporter-output>
        </test-method> <!-- samllframe -->
        <test-method is-config="true" signature="resultanalysis(org.testng.ITestResult)[pri:0, instance:test.Testingbaba_FrameTest@6572421]" started-at="2022-01-08T18:31:45 IST" name="resultanalysis" finished-at="2022-01-08T18:31:46 IST" duration-ms="224" status="PASS">
          <params>
            <param index="0">
              <value>
                <![CDATA[[TestResult name=samllframe status=SUCCESS method=Testingbaba_FrameTest.samllframe()[pri:3, instance:test.Testingbaba_FrameTest@6572421] output={null}]]]>
              </value>
            </param>
          </params>
          <reporter-output>
          </reporter-output>
        </test-method> <!-- resultanalysis -->
        <test-method is-config="true" signature="teardown()[pri:0, instance:test.Testingbaba_FrameTest@6572421]" started-at="2022-01-08T18:31:46 IST" name="teardown" finished-at="2022-01-08T18:31:46 IST" duration-ms="491" status="PASS">
          <reporter-output>
          </reporter-output>
        </test-method> <!-- teardown -->
      </class> <!-- test.Testingbaba_FrameTest -->
    </test> <!-- Frame -->
    <test started-at="2022-01-08T18:31:46 IST" name="NestedFrame" finished-at="2022-01-08T18:32:00 IST" duration-ms="14242">
      <class name="test.Testingbaba_FrameTest">
        <test-method is-config="true" signature="getlaunch_testingbabaUrl()[pri:0, instance:test.Testingbaba_FrameTest@37afeb11]" started-at="2022-01-08T18:31:46 IST" name="getlaunch_testingbabaUrl" finished-at="2022-01-08T18:31:58 IST" duration-ms="12054" status="PASS">
          <reporter-output>
          </reporter-output>
        </test-method> <!-- getlaunch_testingbabaUrl -->
        <test-method signature="clickonalartframewindowbtn()[pri:0, instance:test.Testingbaba_FrameTest@37afeb11]" started-at="2022-01-08T18:31:58 IST" name="clickonalartframewindowbtn" finished-at="2022-01-08T18:31:58 IST" duration-ms="170" status="PASS">
          <reporter-output>
          </reporter-output>
        </test-method> <!-- clickonalartframewindowbtn -->
        <test-method is-config="true" signature="resultanalysis(org.testng.ITestResult)[pri:0, instance:test.Testingbaba_FrameTest@37afeb11]" started-at="2022-01-08T18:31:58 IST" name="resultanalysis" finished-at="2022-01-08T18:31:59 IST" duration-ms="235" status="PASS">
          <params>
            <param index="0">
              <value>
                <![CDATA[[TestResult name=clickonalartframewindowbtn status=SUCCESS method=Testingbaba_FrameTest.clickonalartframewindowbtn()[pri:0, instance:test.Testingbaba_FrameTest@37afeb11] output={null}]]]>
              </value>
            </param>
          </params>
          <reporter-output>
          </reporter-output>
        </test-method> <!-- resultanalysis -->
        <test-method signature="clickonframebtn()[pri:1, instance:test.Testingbaba_FrameTest@37afeb11]" started-at="2022-01-08T18:31:59 IST" name="clickonframebtn" finished-at="2022-01-08T18:31:59 IST" duration-ms="190" status="PASS">
          <reporter-output>
          </reporter-output>
        </test-method> <!-- clickonframebtn -->
        <test-method is-config="true" signature="resultanalysis(org.testng.ITestResult)[pri:0, instance:test.Testingbaba_FrameTest@37afeb11]" started-at="2022-01-08T18:31:59 IST" name="resultanalysis" finished-at="2022-01-08T18:31:59 IST" duration-ms="484" status="PASS">
          <params>
            <param index="0">
              <value>
                <![CDATA[[TestResult name=clickonframebtn status=SUCCESS method=Testingbaba_FrameTest.clickonframebtn()[pri:1, instance:test.Testingbaba_FrameTest@37afeb11] output={null}]]]>
              </value>
            </param>
          </params>
          <reporter-output>
          </reporter-output>
        </test-method> <!-- resultanalysis -->
        <test-method signature="longframe()[pri:2, instance:test.Testingbaba_FrameTest@37afeb11]" started-at="2022-01-08T18:31:59 IST" name="longframe" finished-at="2022-01-08T18:31:59 IST" duration-ms="117" status="PASS">
          <reporter-output>
          </reporter-output>
        </test-method> <!-- longframe -->
        <test-method is-config="true" signature="resultanalysis(org.testng.ITestResult)[pri:0, instance:test.Testingbaba_FrameTest@37afeb11]" started-at="2022-01-08T18:31:59 IST" name="resultanalysis" finished-at="2022-01-08T18:32:00 IST" duration-ms="302" status="PASS">
          <params>
            <param index="0">
              <value>
                <![CDATA[[TestResult name=longframe status=SUCCESS method=Testingbaba_FrameTest.longframe()[pri:2, instance:test.Testingbaba_FrameTest@37afeb11] output={null}]]]>
              </value>
            </param>
          </params>
          <reporter-output>
          </reporter-output>
        </test-method> <!-- resultanalysis -->
        <test-method signature="samllframe()[pri:3, instance:test.Testingbaba_FrameTest@37afeb11]" started-at="2022-01-08T18:32:00 IST" name="samllframe" finished-at="2022-01-08T18:32:00 IST" duration-ms="206" status="PASS">
          <reporter-output>
          </reporter-output>
        </test-method> <!-- samllframe -->
        <test-method is-config="true" signature="resultanalysis(org.testng.ITestResult)[pri:0, instance:test.Testingbaba_FrameTest@37afeb11]" started-at="2022-01-08T18:32:00 IST" name="resultanalysis" finished-at="2022-01-08T18:32:00 IST" duration-ms="228" status="PASS">
          <params>
            <param index="0">
              <value>
                <![CDATA[[TestResult name=samllframe status=SUCCESS method=Testingbaba_FrameTest.samllframe()[pri:3, instance:test.Testingbaba_FrameTest@37afeb11] output={null}]]]>
              </value>
            </param>
          </params>
          <reporter-output>
          </reporter-output>
        </test-method> <!-- resultanalysis -->
        <test-method is-config="true" signature="teardown()[pri:0, instance:test.Testingbaba_FrameTest@37afeb11]" started-at="2022-01-08T18:32:00 IST" name="teardown" finished-at="2022-01-08T18:32:00 IST" duration-ms="243" status="PASS">
          <reporter-output>
          </reporter-output>
        </test-method> <!-- teardown -->
      </class> <!-- test.Testingbaba_FrameTest -->
    </test> <!-- NestedFrame -->
    <test started-at="2022-01-08T18:32:00 IST" name="Modal_Dialoges" finished-at="2022-01-08T18:32:21 IST" duration-ms="20821">
      <class name="test.Testingbaba_ModalDilogsTest">
        <test-method is-config="true" signature="getlaunch_testingbabaUrl()[pri:0, instance:test.Testingbaba_ModalDilogsTest@5158b42f]" started-at="2022-01-08T18:32:00 IST" name="getlaunch_testingbabaUrl" finished-at="2022-01-08T18:32:18 IST" duration-ms="17334" status="PASS">
          <reporter-output>
          </reporter-output>
        </test-method> <!-- getlaunch_testingbabaUrl -->
        <test-method signature="clickonalartframewindowbtn()[pri:0, instance:test.Testingbaba_ModalDilogsTest@5158b42f]" started-at="2022-01-08T18:32:18 IST" name="clickonalartframewindowbtn" finished-at="2022-01-08T18:32:18 IST" duration-ms="273" status="PASS">
          <reporter-output>
          </reporter-output>
        </test-method> <!-- clickonalartframewindowbtn -->
        <test-method is-config="true" signature="resultanalysis(org.testng.ITestResult)[pri:0, instance:test.Testingbaba_ModalDilogsTest@5158b42f]" started-at="2022-01-08T18:32:18 IST" name="resultanalysis" finished-at="2022-01-08T18:32:18 IST" duration-ms="331" status="PASS">
          <params>
            <param index="0">
              <value>
                <![CDATA[[TestResult name=clickonalartframewindowbtn status=SUCCESS method=Testingbaba_ModalDilogsTest.clickonalartframewindowbtn()[pri:0, instance:test.Testingbaba_ModalDilogsTest@5158b42f] output={null}]]]>
              </value>
            </param>
          </params>
          <reporter-output>
          </reporter-output>
        </test-method> <!-- resultanalysis -->
        <test-method signature="clickonmodeldilogsbtnbtn()[pri:1, instance:test.Testingbaba_ModalDilogsTest@5158b42f]" started-at="2022-01-08T18:32:18 IST" name="clickonmodeldilogsbtnbtn" finished-at="2022-01-08T18:32:18 IST" duration-ms="206" status="PASS">
          <reporter-output>
          </reporter-output>
        </test-method> <!-- clickonmodeldilogsbtnbtn -->
        <test-method is-config="true" signature="resultanalysis(org.testng.ITestResult)[pri:0, instance:test.Testingbaba_ModalDilogsTest@5158b42f]" started-at="2022-01-08T18:32:18 IST" name="resultanalysis" finished-at="2022-01-08T18:32:19 IST" duration-ms="283" status="PASS">
          <params>
            <param index="0">
              <value>
                <![CDATA[[TestResult name=clickonmodeldilogsbtnbtn status=SUCCESS method=Testingbaba_ModalDilogsTest.clickonmodeldilogsbtnbtn()[pri:1, instance:test.Testingbaba_ModalDilogsTest@5158b42f] output={null}]]]>
              </value>
            </param>
          </params>
          <reporter-output>
          </reporter-output>
        </test-method> <!-- resultanalysis -->
        <test-method signature="clickonsmallmodelbtn()[pri:2, instance:test.Testingbaba_ModalDilogsTest@5158b42f]" started-at="2022-01-08T18:32:19 IST" name="clickonsmallmodelbtn" finished-at="2022-01-08T18:32:19 IST" duration-ms="252" status="FAIL">
          <exception class="org.openqa.selenium.NoAlertPresentException">
            <message>
              <![CDATA[no such alert
  (Session info: chrome=96.0.4664.110)
Build info: version: '3.141.59', revision: 'e82be7d358', time: '2018-11-14T08:25:48'
System info: host: 'DESKTOP-8IRBSSS', ip: '192.168.212.142', os.name: 'Windows 10', os.arch: 'amd64', os.version: '10.0', java.version: '16.0.2'
Driver info: org.openqa.selenium.chrome.ChromeDriver
Capabilities {acceptInsecureCerts: false, browserName: chrome, browserVersion: 96.0.4664.110, chrome: {chromedriverVersion: 96.0.4664.35 (8df3babf8da8f..., userDataDir: C:\Users\yogesh\AppData\Loc...}, goog:chromeOptions: {debuggerAddress: localhost:53211}, javascriptEnabled: true, networkConnectionEnabled: false, pageLoadStrategy: normal, platform: WINDOWS, platformName: WINDOWS, proxy: Proxy(), setWindowRect: true, strictFileInteractability: false, timeouts: {implicit: 0, pageLoad: 300000, script: 30000}, unhandledPromptBehavior: dismiss and notify, webauthn:extension:credBlob: true, webauthn:extension:largeBlob: true, webauthn:virtualAuthenticators: true}
Session ID: ac6bc8ebda705d9f4173c112d9dbe2eb]]>
            </message>
            <full-stacktrace>
              <![CDATA[org.openqa.selenium.NoAlertPresentException: no such alert
  (Session info: chrome=96.0.4664.110)
Build info: version: '3.141.59', revision: 'e82be7d358', time: '2018-11-14T08:25:48'
System info: host: 'DESKTOP-8IRBSSS', ip: '192.168.212.142', os.name: 'Windows 10', os.arch: 'amd64', os.version: '10.0', java.version: '16.0.2'
Driver info: org.openqa.selenium.chrome.ChromeDriver
Capabilities {acceptInsecureCerts: false, browserName: chrome, browserVersion: 96.0.4664.110, chrome: {chromedriverVersion: 96.0.4664.35 (8df3babf8da8f..., userDataDir: C:\Users\yogesh\AppData\Loc...}, goog:chromeOptions: {debuggerAddress: localhost:53211}, javascriptEnabled: true, networkConnectionEnabled: false, pageLoadStrategy: normal, platform: WINDOWS, platformName: WINDOWS, proxy: Proxy(), setWindowRect: true, strictFileInteractability: false, timeouts: {implicit: 0, pageLoad: 300000, script: 30000}, unhandledPromptBehavior: dismiss and notify, webauthn:extension:credBlob: true, webauthn:extension:largeBlob: true, webauthn:virtualAuthenticators: true}
Session ID: ac6bc8ebda705d9f4173c112d9dbe2eb
at java.base/jdk.internal.reflect.NativeConstructorAccessorImpl.newInstance0(Native Method)
at java.base/jdk.internal.reflect.NativeConstructorAccessorImpl.newInstance(NativeConstructorAccessorImpl.java:78)
at java.base/jdk.internal.reflect.DelegatingConstructorAccessorImpl.newInstance(DelegatingConstructorAccessorImpl.java:45)
at java.base/java.lang.reflect.Constructor.newInstanceWithCaller(Constructor.java:499)
at java.base/java.lang.reflect.Constructor.newInstance(Constructor.java:480)
at org.openqa.selenium.remote.http.W3CHttpResponseCodec.createException(W3CHttpResponseCodec.java:187)
at org.openqa.selenium.remote.http.W3CHttpResponseCodec.decode(W3CHttpResponseCodec.java:122)
at org.openqa.selenium.remote.http.W3CHttpResponseCodec.decode(W3CHttpResponseCodec.java:49)
at org.openqa.selenium.remote.HttpCommandExecutor.execute(HttpCommandExecutor.java:158)
at org.openqa.selenium.remote.service.DriverCommandExecutor.execute(DriverCommandExecutor.java:83)
at org.openqa.selenium.remote.RemoteWebDriver.execute(RemoteWebDriver.java:552)
at org.openqa.selenium.remote.RemoteWebDriver.execute(RemoteWebDriver.java:609)
at org.openqa.selenium.remote.RemoteWebDriver$RemoteTargetLocator.alert(RemoteWebDriver.java:932)
at pages.Testingbaba_ModalDilogspage.clickonsmallmodelbtn(Testingbaba_ModalDilogspage.java:55)
at test.Testingbaba_ModalDilogsTest.clickonsmallmodelbtn(Testingbaba_ModalDilogsTest.java:33)
at java.base/jdk.internal.reflect.NativeMethodAccessorImpl.invoke0(Native Method)
at java.base/jdk.internal.reflect.NativeMethodAccessorImpl.invoke(NativeMethodAccessorImpl.java:78)
at java.base/jdk.internal.reflect.DelegatingMethodAccessorImpl.invoke(DelegatingMethodAccessorImpl.java:43)
at java.base/java.lang.reflect.Method.invoke(Method.java:567)
at org.testng.internal.MethodInvocationHelper.invokeMethod(MethodInvocationHelper.java:133)
at org.testng.internal.TestInvoker.invokeMethod(TestInvoker.java:598)
at org.testng.internal.TestInvoker.invokeTestMethod(TestInvoker.java:173)
at org.testng.internal.MethodRunner.runInSequence(MethodRunner.java:46)
at org.testng.internal.TestInvoker$MethodInvocationAgent.invoke(TestInvoker.java:824)
at org.testng.internal.TestInvoker.invokeTestMethods(TestInvoker.java:146)
at org.testng.internal.TestMethodWorker.invokeTestMethods(TestMethodWorker.java:146)
at org.testng.internal.TestMethodWorker.run(TestMethodWorker.java:128)
at java.base/java.util.ArrayList.forEach(ArrayList.java:1511)
at org.testng.TestRunner.privateRun(TestRunner.java:794)
at org.testng.TestRunner.run(TestRunner.java:596)
at org.testng.SuiteRunner.runTest(SuiteRunner.java:377)
at org.testng.SuiteRunner.runSequentially(SuiteRunner.java:371)
at org.testng.SuiteRunner.privateRun(SuiteRunner.java:332)
at org.testng.SuiteRunner.run(SuiteRunner.java:276)
at org.testng.SuiteRunnerWorker.runSuite(SuiteRunnerWorker.java:53)
at org.testng.SuiteRunnerWorker.run(SuiteRunnerWorker.java:96)
at org.testng.TestNG.runSuitesSequentially(TestNG.java:1212)
at org.testng.TestNG.runSuitesLocally(TestNG.java:1134)
at org.testng.TestNG.runSuites(TestNG.java:1063)
at org.testng.TestNG.run(TestNG.java:1031)
at org.testng.remote.AbstractRemoteTestNG.run(AbstractRemoteTestNG.java:115)
at org.testng.remote.RemoteTestNG.initAndRun(RemoteTestNG.java:251)
at org.testng.remote.RemoteTestNG.main(RemoteTestNG.java:77)
]]>
            </full-stacktrace>
          </exception> <!-- org.openqa.selenium.NoAlertPresentException -->
          <reporter-output>
          </reporter-output>
        </test-method> <!-- clickonsmallmodelbtn -->
        <test-method is-config="true" signature="resultanalysis(org.testng.ITestResult)[pri:0, instance:test.Testingbaba_ModalDilogsTest@5158b42f]" started-at="2022-01-08T18:32:19 IST" name="resultanalysis" finished-at="2022-01-08T18:32:19 IST" duration-ms="281" status="PASS">
          <params>
            <param index="0">
              <value>
                <![CDATA[[TestResult name=clickonsmallmodelbtn status=FAILURE method=Testingbaba_ModalDilogsTest.clickonsmallmodelbtn()[pri:2, instance:test.Testingbaba_ModalDilogsTest@5158b42f] output={null}]]]>
              </value>
            </param>
          </params>
          <reporter-output>
          </reporter-output>
        </test-method> <!-- resultanalysis -->
        <test-method signature="clickonlargemodelbtnbtn()[pri:3, instance:test.Testingbaba_ModalDilogsTest@5158b42f]" started-at="2022-01-08T18:32:19 IST" name="clickonlargemodelbtnbtn" finished-at="2022-01-08T18:32:21 IST" duration-ms="1357" status="FAIL">
          <exception class="org.openqa.selenium.ElementClickInterceptedException">
            <message>
              <![CDATA[element click intercepted: Element <button type="button" class="btn btn-primary mt-2" data-toggle="modal" data-target="#exampleModal2">...</button> is not clickable at point (586, 163). Other element would receive the click: <div class="modal fade show" id="exampleModal1" tabindex="-1" aria-labelledby="exampleModalLabel" aria-modal="true" role="dialog" style="padding-right: 16px; display: block;">...</div>
  (Session info: chrome=96.0.4664.110)
Build info: version: '3.141.59', revision: 'e82be7d358', time: '2018-11-14T08:25:48'
System info: host: 'DESKTOP-8IRBSSS', ip: '192.168.212.142', os.name: 'Windows 10', os.arch: 'amd64', os.version: '10.0', java.version: '16.0.2'
Driver info: org.openqa.selenium.chrome.ChromeDriver
Capabilities {acceptInsecureCerts: false, browserName: chrome, browserVersion: 96.0.4664.110, chrome: {chromedriverVersion: 96.0.4664.35 (8df3babf8da8f..., userDataDir: C:\Users\yogesh\AppData\Loc...}, goog:chromeOptions: {debuggerAddress: localhost:53211}, javascriptEnabled: true, networkConnectionEnabled: false, pageLoadStrategy: normal, platform: WINDOWS, platformName: WINDOWS, proxy: Proxy(), setWindowRect: true, strictFileInteractability: false, timeouts: {implicit: 0, pageLoad: 300000, script: 30000}, unhandledPromptBehavior: dismiss and notify, webauthn:extension:credBlob: true, webauthn:extension:largeBlob: true, webauthn:virtualAuthenticators: true}
Session ID: ac6bc8ebda705d9f4173c112d9dbe2eb]]>
            </message>
            <full-stacktrace>
              <![CDATA[org.openqa.selenium.ElementClickInterceptedException: element click intercepted: Element <button type="button" class="btn btn-primary mt-2" data-toggle="modal" data-target="#exampleModal2">...</button> is not clickable at point (586, 163). Other element would receive the click: <div class="modal fade show" id="exampleModal1" tabindex="-1" aria-labelledby="exampleModalLabel" aria-modal="true" role="dialog" style="padding-right: 16px; display: block;">...</div>
  (Session info: chrome=96.0.4664.110)
Build info: version: '3.141.59', revision: 'e82be7d358', time: '2018-11-14T08:25:48'
System info: host: 'DESKTOP-8IRBSSS', ip: '192.168.212.142', os.name: 'Windows 10', os.arch: 'amd64', os.version: '10.0', java.version: '16.0.2'
Driver info: org.openqa.selenium.chrome.ChromeDriver
Capabilities {acceptInsecureCerts: false, browserName: chrome, browserVersion: 96.0.4664.110, chrome: {chromedriverVersion: 96.0.4664.35 (8df3babf8da8f..., userDataDir: C:\Users\yogesh\AppData\Loc...}, goog:chromeOptions: {debuggerAddress: localhost:53211}, javascriptEnabled: true, networkConnectionEnabled: false, pageLoadStrategy: normal, platform: WINDOWS, platformName: WINDOWS, proxy: Proxy(), setWindowRect: true, strictFileInteractability: false, timeouts: {implicit: 0, pageLoad: 300000, script: 30000}, unhandledPromptBehavior: dismiss and notify, webauthn:extension:credBlob: true, webauthn:extension:largeBlob: true, webauthn:virtualAuthenticators: true}
Session ID: ac6bc8ebda705d9f4173c112d9dbe2eb
at java.base/jdk.internal.reflect.NativeConstructorAccessorImpl.newInstance0(Native Method)
at java.base/jdk.internal.reflect.NativeConstructorAccessorImpl.newInstance(NativeConstructorAccessorImpl.java:78)
at java.base/jdk.internal.reflect.DelegatingConstructorAccessorImpl.newInstance(DelegatingConstructorAccessorImpl.java:45)
at java.base/java.lang.reflect.Constructor.newInstanceWithCaller(Constructor.java:499)
at java.base/java.lang.reflect.Constructor.newInstance(Constructor.java:480)
at org.openqa.selenium.remote.http.W3CHttpResponseCodec.createException(W3CHttpResponseCodec.java:187)
at org.openqa.selenium.remote.http.W3CHttpResponseCodec.decode(W3CHttpResponseCodec.java:122)
at org.openqa.selenium.remote.http.W3CHttpResponseCodec.decode(W3CHttpResponseCodec.java:49)
at org.openqa.selenium.remote.HttpCommandExecutor.execute(HttpCommandExecutor.java:158)
at org.openqa.selenium.remote.service.DriverCommandExecutor.execute(DriverCommandExecutor.java:83)
at org.openqa.selenium.remote.RemoteWebDriver.execute(RemoteWebDriver.java:552)
at org.openqa.selenium.remote.RemoteWebElement.execute(RemoteWebElement.java:285)
at org.openqa.selenium.remote.RemoteWebElement.click(RemoteWebElement.java:84)
at jdk.internal.reflect.GeneratedMethodAccessor1.invoke(Unknown Source)
at java.base/jdk.internal.reflect.DelegatingMethodAccessorImpl.invoke(DelegatingMethodAccessorImpl.java:43)
at java.base/java.lang.reflect.Method.invoke(Method.java:567)
at org.openqa.selenium.support.pagefactory.internal.LocatingElementHandler.invoke(LocatingElementHandler.java:51)
at jdk.proxy2/jdk.proxy2.$Proxy13.click(Unknown Source)
at applicationutility.Applicationutility.clickme(Applicationutility.java:22)
at pages.Testingbaba_ModalDilogspage.clickonlargemodelbtnbtn(Testingbaba_ModalDilogspage.java:62)
at test.Testingbaba_ModalDilogsTest.clickonlargemodelbtnbtn(Testingbaba_ModalDilogsTest.java:38)
at java.base/jdk.internal.reflect.NativeMethodAccessorImpl.invoke0(Native Method)
at java.base/jdk.internal.reflect.NativeMethodAccessorImpl.invoke(NativeMethodAccessorImpl.java:78)
at java.base/jdk.internal.reflect.DelegatingMethodAccessorImpl.invoke(DelegatingMethodAccessorImpl.java:43)
at java.base/java.lang.reflect.Method.invoke(Method.java:567)
at org.testng.internal.MethodInvocationHelper.invokeMethod(MethodInvocationHelper.java:133)
at org.testng.internal.TestInvoker.invokeMethod(TestInvoker.java:598)
at org.testng.internal.TestInvoker.invokeTestMethod(TestInvoker.java:173)
at org.testng.internal.MethodRunner.runInSequence(MethodRunner.java:46)
at org.testng.internal.TestInvoker$MethodInvocationAgent.invoke(TestInvoker.java:824)
at org.testng.internal.TestInvoker.invokeTestMethods(TestInvoker.java:146)
at org.testng.internal.TestMethodWorker.invokeTestMethods(TestMethodWorker.java:146)
at org.testng.internal.TestMethodWorker.run(TestMethodWorker.java:128)
at java.base/java.util.ArrayList.forEach(ArrayList.java:1511)
at org.testng.TestRunner.privateRun(TestRunner.java:794)
at org.testng.TestRunner.run(TestRunner.java:596)
at org.testng.SuiteRunner.runTest(SuiteRunner.java:377)
at org.testng.SuiteRunner.runSequentially(SuiteRunner.java:371)
at org.testng.SuiteRunner.privateRun(SuiteRunner.java:332)
at org.testng.SuiteRunner.run(SuiteRunner.java:276)
at org.testng.SuiteRunnerWorker.runSuite(SuiteRunnerWorker.java:53)
at org.testng.SuiteRunnerWorker.run(SuiteRunnerWorker.java:96)
at org.testng.TestNG.runSuitesSequentially(TestNG.java:1212)
at org.testng.TestNG.runSuitesLocally(TestNG.java:1134)
at org.testng.TestNG.runSuites(TestNG.java:1063)
at org.testng.TestNG.run(TestNG.java:1031)
at org.testng.remote.AbstractRemoteTestNG.run(AbstractRemoteTestNG.java:115)
at org.testng.remote.RemoteTestNG.initAndRun(RemoteTestNG.java:251)
at org.testng.remote.RemoteTestNG.main(RemoteTestNG.java:77)
]]>
            </full-stacktrace>
          </exception> <!-- org.openqa.selenium.ElementClickInterceptedException -->
          <reporter-output>
          </reporter-output>
        </test-method> <!-- clickonlargemodelbtnbtn -->
        <test-method is-config="true" signature="resultanalysis(org.testng.ITestResult)[pri:0, instance:test.Testingbaba_ModalDilogsTest@5158b42f]" started-at="2022-01-08T18:32:21 IST" name="resultanalysis" finished-at="2022-01-08T18:32:21 IST" duration-ms="228" status="PASS">
          <params>
            <param index="0">
              <value>
                <![CDATA[[TestResult name=clickonlargemodelbtnbtn status=FAILURE method=Testingbaba_ModalDilogsTest.clickonlargemodelbtnbtn()[pri:3, instance:test.Testingbaba_ModalDilogsTest@5158b42f] output={null}]]]>
              </value>
            </param>
          </params>
          <reporter-output>
          </reporter-output>
        </test-method> <!-- resultanalysis -->
        <test-method is-config="true" signature="teardown()[pri:0, instance:test.Testingbaba_ModalDilogsTest@5158b42f]" started-at="2022-01-08T18:32:21 IST" name="teardown" finished-at="2022-01-08T18:32:21 IST" duration-ms="259" status="PASS">
          <reporter-output>
          </reporter-output>
        </test-method> <!-- teardown -->
      </class> <!-- test.Testingbaba_ModalDilogsTest -->
    </test> <!-- Modal_Dialoges -->
  </suite> <!-- Testing_baba -->
</testng-results>
