<?xml version="1.0" encoding="UTF-8"?>
<!-- Generated by org.testng.reporters.JUnitReportReporter -->
<testsuite hostname="DESKTOP-8IRBSSS" failures="0" tests="5" name="test.Testingbaba_TextBoxTest" time="6.605" errors="1" timestamp="2022-01-08T18:32:22 IST" skipped="4">
  <testcase classname="test.Testingbaba_TextBoxTest" name="getlaunch_testingbabaUrl" time="6.605">
    <error message="Can not set java.util.ArrayList field pages.Testingbaba_TextBoxpage.tabledata to jdk.proxy2.$Proxy16" type="java.lang.IllegalArgumentException">
      <![CDATA[java.lang.IllegalArgumentException: Can not set java.util.ArrayList field pages.Testingbaba_TextBoxpage.tabledata to jdk.proxy2.$Proxy16
at java.base/jdk.internal.reflect.UnsafeFieldAccessorImpl.throwSetIllegalArgumentException(UnsafeFieldAccessorImpl.java:167)
at java.base/jdk.internal.reflect.UnsafeFieldAccessorImpl.throwSetIllegalArgumentException(UnsafeFieldAccessorImpl.java:171)
at java.base/jdk.internal.reflect.UnsafeObjectFieldAccessorImpl.set(UnsafeObjectFieldAccessorImpl.java:81)
at java.base/java.lang.reflect.Field.set(Field.java:793)
at org.openqa.selenium.support.PageFactory.proxyFields(PageFactory.java:117)
at org.openqa.selenium.support.PageFactory.initElements(PageFactory.java:105)
at org.openqa.selenium.support.PageFactory.initElements(PageFactory.java:92)
at org.openqa.selenium.support.PageFactory.initElements(PageFactory.java:79)
at pages.Testingbaba_TextBoxpage.<init>(Testingbaba_TextBoxpage.java:21)
at test.Testingbaba_TextBoxTest.getlaunch_testingbabaUrl(Testingbaba_TextBoxTest.java:16)
at java.base/jdk.internal.reflect.NativeMethodAccessorImpl.invoke0(Native Method)
at java.base/jdk.internal.reflect.NativeMethodAccessorImpl.invoke(NativeMethodAccessorImpl.java:78)
at java.base/jdk.internal.reflect.DelegatingMethodAccessorImpl.invoke(DelegatingMethodAccessorImpl.java:43)
at java.base/java.lang.reflect.Method.invoke(Method.java:567)
at org.testng.internal.MethodInvocationHelper.invokeMethod(MethodInvocationHelper.java:133)
at org.testng.internal.MethodInvocationHelper.invokeMethodConsideringTimeout(MethodInvocationHelper.java:62)
at org.testng.internal.ConfigInvoker.invokeConfigurationMethod(ConfigInvoker.java:385)
at org.testng.internal.ConfigInvoker.invokeConfigurations(ConfigInvoker.java:321)
at org.testng.TestRunner.invokeTestConfigurations(TestRunner.java:637)
at org.testng.TestRunner.beforeRun(TestRunner.java:627)
at org.testng.TestRunner.run(TestRunner.java:589)
at org.testng.SuiteRunner.runTest(SuiteRunner.java:377)
at org.testng.SuiteRunner.runSequentially(SuiteRunner.java:371)
at org.testng.SuiteRunner.privateRun(SuiteRunner.java:332)
at org.testng.SuiteRunner.run(SuiteRunner.java:276)
at org.testng.SuiteRunnerWorker.runSuite(SuiteRunnerWorker.java:53)
at org.testng.SuiteRunnerWorker.run(SuiteRunnerWorker.java:96)
at org.testng.TestNG.runSuitesSequentially(TestNG.java:1212)
at org.testng.TestNG.runSuitesLocally(TestNG.java:1134)
at org.testng.TestNG.runSuites(TestNG.java:1063)
at org.testng.TestNG.run(TestNG.java:1031)
at org.testng.remote.AbstractRemoteTestNG.run(AbstractRemoteTestNG.java:115)
at org.testng.remote.RemoteTestNG.initAndRun(RemoteTestNG.java:251)
at org.testng.remote.RemoteTestNG.main(RemoteTestNG.java:77)
]]>
    </error>
  </testcase> <!-- getlaunch_testingbabaUrl -->
  <system-out/>
  <testcase classname="test.Testingbaba_TextBoxTest" name="clickonElements" time="0.000">
    <skipped/>
  </testcase> <!-- clickonElements -->
  <system-out/>
  <testcase classname="test.Testingbaba_TextBoxTest" name="clickonTextBox" time="0.000">
    <skipped/>
  </testcase> <!-- clickonTextBox -->
  <system-out/>
  <testcase classname="test.Testingbaba_TextBoxTest" name="Filltaxboxdetails" time="0.000">
    <skipped/>
  </testcase> <!-- Filltaxboxdetails -->
  <system-out/>
  <testcase classname="test.Testingbaba_TextBoxTest" name="getvarifytextboxdata" time="0.000">
    <skipped/>
  </testcase> <!-- getvarifytextboxdata -->
  <system-out/>
</testsuite> <!-- test.Testingbaba_TextBoxTest -->
